C:\Users\CaptainLucha\Desktop\School Workspace\New Engine\GameEngine\GameEngine\../../libs/GameEngine/Debug/GameEngine.lib
C:\USERS\CAPTAINLUCHA\DESKTOP\SCHOOL WORKSPACE\NEW ENGINE\GAMEENGINE\GAMEENGINE\DEBUGINLINE\AABOUNDINGBOX.OBJ
C:\USERS\CAPTAINLUCHA\DESKTOP\SCHOOL WORKSPACE\NEW ENGINE\GAMEENGINE\GAMEENGINE\DEBUGINLINE\BOUNDINGSPHERE.OBJ
C:\USERS\CAPTAINLUCHA\DESKTOP\SCHOOL WORKSPACE\NEW ENGINE\GAMEENGINE\GAMEENGINE\DEBUGINLINE\CAMERA.OBJ
C:\Users\CaptainLucha\Desktop\School Workspace\New Engine\GameEngine\GameEngine\DebugInline\cl.command.1.tlog
C:\Users\CaptainLucha\Desktop\School Workspace\New Engine\GameEngine\GameEngine\DebugInline\CL.read.1.tlog
C:\Users\CaptainLucha\Desktop\School Workspace\New Engine\GameEngine\GameEngine\DebugInline\CL.write.1.tlog
C:\USERS\CAPTAINLUCHA\DESKTOP\SCHOOL WORKSPACE\NEW ENGINE\GAMEENGINE\GAMEENGINE\DEBUGINLINE\CLCONSOLE.OBJ
C:\USERS\CAPTAINLUCHA\DESKTOP\SCHOOL WORKSPACE\NEW ENGINE\GAMEENGINE\GAMEENGINE\DEBUGINLINE\CLCORE.OBJ
C:\USERS\CAPTAINLUCHA\DESKTOP\SCHOOL WORKSPACE\NEW ENGINE\GAMEENGINE\GAMEENGINE\DEBUGINLINE\CLFILEIMPORTER.OBJ
C:\USERS\CAPTAINLUCHA\DESKTOP\SCHOOL WORKSPACE\NEW ENGINE\GAMEENGINE\GAMEENGINE\DEBUGINLINE\CLLOGGER.OBJ
C:\USERS\CAPTAINLUCHA\DESKTOP\SCHOOL WORKSPACE\NEW ENGINE\GAMEENGINE\GAMEENGINE\DEBUGINLINE\CLOCK.OBJ
C:\USERS\CAPTAINLUCHA\DESKTOP\SCHOOL WORKSPACE\NEW ENGINE\GAMEENGINE\GAMEENGINE\DEBUGINLINE\CLUSTEREDRENDERER.OBJ
C:\USERS\CAPTAINLUCHA\DESKTOP\SCHOOL WORKSPACE\NEW ENGINE\GAMEENGINE\GAMEENGINE\DEBUGINLINE\COLLISIONFUNCTIONS.OBJ
C:\USERS\CAPTAINLUCHA\DESKTOP\SCHOOL WORKSPACE\NEW ENGINE\GAMEENGINE\GAMEENGINE\DEBUGINLINE\COLLISIONLISTENER.OBJ
C:\USERS\CAPTAINLUCHA\DESKTOP\SCHOOL WORKSPACE\NEW ENGINE\GAMEENGINE\GAMEENGINE\DEBUGINLINE\COLLISIONMOVABLE.OBJ
C:\USERS\CAPTAINLUCHA\DESKTOP\SCHOOL WORKSPACE\NEW ENGINE\GAMEENGINE\GAMEENGINE\DEBUGINLINE\COLLISIONPHYSICSOBJECT.OBJ
C:\USERS\CAPTAINLUCHA\DESKTOP\SCHOOL WORKSPACE\NEW ENGINE\GAMEENGINE\GAMEENGINE\DEBUGINLINE\COLLISIONSTATIC.OBJ
C:\USERS\CAPTAINLUCHA\DESKTOP\SCHOOL WORKSPACE\NEW ENGINE\GAMEENGINE\GAMEENGINE\DEBUGINLINE\COLLISIONSYSTEM.OBJ
C:\USERS\CAPTAINLUCHA\DESKTOP\SCHOOL WORKSPACE\NEW ENGINE\GAMEENGINE\GAMEENGINE\DEBUGINLINE\COLOR.OBJ
C:\USERS\CAPTAINLUCHA\DESKTOP\SCHOOL WORKSPACE\NEW ENGINE\GAMEENGINE\GAMEENGINE\DEBUGINLINE\COMMANDLETS.OBJ
C:\USERS\CAPTAINLUCHA\DESKTOP\SCHOOL WORKSPACE\NEW ENGINE\GAMEENGINE\GAMEENGINE\DEBUGINLINE\CONE.OBJ
C:\USERS\CAPTAINLUCHA\DESKTOP\SCHOOL WORKSPACE\NEW ENGINE\GAMEENGINE\GAMEENGINE\DEBUGINLINE\CONTACT.OBJ
C:\USERS\CAPTAINLUCHA\DESKTOP\SCHOOL WORKSPACE\NEW ENGINE\GAMEENGINE\GAMEENGINE\DEBUGINLINE\CONTACTRESOLVER.OBJ
C:\USERS\CAPTAINLUCHA\DESKTOP\SCHOOL WORKSPACE\NEW ENGINE\GAMEENGINE\GAMEENGINE\DEBUGINLINE\CUBE.OBJ
C:\USERS\CAPTAINLUCHA\DESKTOP\SCHOOL WORKSPACE\NEW ENGINE\GAMEENGINE\GAMEENGINE\DEBUGINLINE\CUBOID.OBJ
C:\Users\CaptainLucha\Desktop\School Workspace\New Engine\GameEngine\GameEngine\DebugInline\CUDA_Clustered.cu.cache
C:\Users\CaptainLucha\Desktop\School Workspace\New Engine\GameEngine\GameEngine\DebugInline\CUDA_Clustered.cu.obj
C:\Users\CaptainLucha\Desktop\School Workspace\New Engine\GameEngine\GameEngine\DebugInline\CUDA_Clustered_Kernels.cu.cache
C:\Users\CaptainLucha\Desktop\School Workspace\New Engine\GameEngine\GameEngine\DebugInline\CUDA_Clustered_Kernels.cu.obj
C:\Users\CaptainLucha\Desktop\School Workspace\New Engine\GameEngine\GameEngine\DebugInline\CUDA_Lights.cu.cache
C:\Users\CaptainLucha\Desktop\School Workspace\New Engine\GameEngine\GameEngine\DebugInline\CUDA_Lights.cu.obj
C:\Users\CaptainLucha\Desktop\School Workspace\New Engine\GameEngine\GameEngine\DebugInline\CUDA_Utils.cu.cache
C:\Users\CaptainLucha\Desktop\School Workspace\New Engine\GameEngine\GameEngine\DebugInline\CUDA_Utils.cu.obj
C:\USERS\CAPTAINLUCHA\DESKTOP\SCHOOL WORKSPACE\NEW ENGINE\GAMEENGINE\GAMEENGINE\DEBUGINLINE\DEBUGGRID.OBJ
C:\USERS\CAPTAINLUCHA\DESKTOP\SCHOOL WORKSPACE\NEW ENGINE\GAMEENGINE\GAMEENGINE\DEBUGINLINE\DEBUGUIWIDGET.OBJ
C:\USERS\CAPTAINLUCHA\DESKTOP\SCHOOL WORKSPACE\NEW ENGINE\GAMEENGINE\GAMEENGINE\DEBUGINLINE\DEFERREDLIGHT.OBJ
C:\USERS\CAPTAINLUCHA\DESKTOP\SCHOOL WORKSPACE\NEW ENGINE\GAMEENGINE\GAMEENGINE\DEBUGINLINE\DEFERREDLIGHT_AMBIENT.OBJ
C:\USERS\CAPTAINLUCHA\DESKTOP\SCHOOL WORKSPACE\NEW ENGINE\GAMEENGINE\GAMEENGINE\DEBUGINLINE\DEFERREDLIGHT_DIRECTIONAL.OBJ
C:\USERS\CAPTAINLUCHA\DESKTOP\SCHOOL WORKSPACE\NEW ENGINE\GAMEENGINE\GAMEENGINE\DEBUGINLINE\DEFERREDLIGHT_POINT.OBJ
C:\USERS\CAPTAINLUCHA\DESKTOP\SCHOOL WORKSPACE\NEW ENGINE\GAMEENGINE\GAMEENGINE\DEBUGINLINE\DEFERREDLIGHT_SPOT.OBJ
C:\USERS\CAPTAINLUCHA\DESKTOP\SCHOOL WORKSPACE\NEW ENGINE\GAMEENGINE\GAMEENGINE\DEBUGINLINE\DEFERREDRENDERER.OBJ
C:\USERS\CAPTAINLUCHA\DESKTOP\SCHOOL WORKSPACE\NEW ENGINE\GAMEENGINE\GAMEENGINE\DEBUGINLINE\EVENTSYSTEM.OBJ
C:\USERS\CAPTAINLUCHA\DESKTOP\SCHOOL WORKSPACE\NEW ENGINE\GAMEENGINE\GAMEENGINE\DEBUGINLINE\FONT.OBJ
C:\USERS\CAPTAINLUCHA\DESKTOP\SCHOOL WORKSPACE\NEW ENGINE\GAMEENGINE\GAMEENGINE\DEBUGINLINE\FORWARDRENDERLIGHTS.OBJ
C:\USERS\CAPTAINLUCHA\DESKTOP\SCHOOL WORKSPACE\NEW ENGINE\GAMEENGINE\GAMEENGINE\DEBUGINLINE\FPSCALC.OBJ
C:\USERS\CAPTAINLUCHA\DESKTOP\SCHOOL WORKSPACE\NEW ENGINE\GAMEENGINE\GAMEENGINE\DEBUGINLINE\FRAMEBUFFEROBJECT.OBJ
C:\Users\CaptainLucha\Desktop\School Workspace\New Engine\GameEngine\GameEngine\DebugInline\GameEngine.write.1.tlog
C:\USERS\CAPTAINLUCHA\DESKTOP\SCHOOL WORKSPACE\NEW ENGINE\GAMEENGINE\GAMEENGINE\DEBUGINLINE\GEOMETRY.OBJ
C:\USERS\CAPTAINLUCHA\DESKTOP\SCHOOL WORKSPACE\NEW ENGINE\GAMEENGINE\GAMEENGINE\DEBUGINLINE\GLPROGRAM.OBJ
C:\USERS\CAPTAINLUCHA\DESKTOP\SCHOOL WORKSPACE\NEW ENGINE\GAMEENGINE\GAMEENGINE\DEBUGINLINE\GLTEXTURE.OBJ
C:\USERS\CAPTAINLUCHA\DESKTOP\SCHOOL WORKSPACE\NEW ENGINE\GAMEENGINE\GAMEENGINE\DEBUGINLINE\GLTEXTUREMANAGER.OBJ
C:\USERS\CAPTAINLUCHA\DESKTOP\SCHOOL WORKSPACE\NEW ENGINE\GAMEENGINE\GAMEENGINE\DEBUGINLINE\INDEXBUFFEROBJECT.OBJ
C:\USERS\CAPTAINLUCHA\DESKTOP\SCHOOL WORKSPACE\NEW ENGINE\GAMEENGINE\GAMEENGINE\DEBUGINLINE\INPUTLISTENER.OBJ
C:\USERS\CAPTAINLUCHA\DESKTOP\SCHOOL WORKSPACE\NEW ENGINE\GAMEENGINE\GAMEENGINE\DEBUGINLINE\INPUTSYSTEM.OBJ
C:\USERS\CAPTAINLUCHA\DESKTOP\SCHOOL WORKSPACE\NEW ENGINE\GAMEENGINE\GAMEENGINE\DEBUGINLINE\JOBMANAGER.OBJ
C:\Users\CaptainLucha\Desktop\School Workspace\New Engine\GameEngine\GameEngine\DebugInline\lib.command.1.tlog
C:\Users\CaptainLucha\Desktop\School Workspace\New Engine\GameEngine\GameEngine\DebugInline\Lib-link.read.1.tlog
C:\Users\CaptainLucha\Desktop\School Workspace\New Engine\GameEngine\GameEngine\DebugInline\Lib-link.write.1.tlog
C:\USERS\CAPTAINLUCHA\DESKTOP\SCHOOL WORKSPACE\NEW ENGINE\GAMEENGINE\GAMEENGINE\DEBUGINLINE\MATH.OBJ
C:\USERS\CAPTAINLUCHA\DESKTOP\SCHOOL WORKSPACE\NEW ENGINE\GAMEENGINE\GAMEENGINE\DEBUGINLINE\MATRIX2D.OBJ
C:\USERS\CAPTAINLUCHA\DESKTOP\SCHOOL WORKSPACE\NEW ENGINE\GAMEENGINE\GAMEENGINE\DEBUGINLINE\MATRIX3D.OBJ
C:\USERS\CAPTAINLUCHA\DESKTOP\SCHOOL WORKSPACE\NEW ENGINE\GAMEENGINE\GAMEENGINE\DEBUGINLINE\MATRIX4D.OBJ
C:\USERS\CAPTAINLUCHA\DESKTOP\SCHOOL WORKSPACE\NEW ENGINE\GAMEENGINE\GAMEENGINE\DEBUGINLINE\MATRIXSTACK.OBJ
C:\USERS\CAPTAINLUCHA\DESKTOP\SCHOOL WORKSPACE\NEW ENGINE\GAMEENGINE\GAMEENGINE\DEBUGINLINE\MEMORYMANAGER.OBJ
C:\USERS\CAPTAINLUCHA\DESKTOP\SCHOOL WORKSPACE\NEW ENGINE\GAMEENGINE\GAMEENGINE\DEBUGINLINE\MEMORYOVERRIDE.OBJ
C:\USERS\CAPTAINLUCHA\DESKTOP\SCHOOL WORKSPACE\NEW ENGINE\GAMEENGINE\GAMEENGINE\DEBUGINLINE\MESH.OBJ
C:\USERS\CAPTAINLUCHA\DESKTOP\SCHOOL WORKSPACE\NEW ENGINE\GAMEENGINE\GAMEENGINE\DEBUGINLINE\MODEL.OBJ
C:\USERS\CAPTAINLUCHA\DESKTOP\SCHOOL WORKSPACE\NEW ENGINE\GAMEENGINE\GAMEENGINE\DEBUGINLINE\MODEL_MATERIAL.OBJ
C:\USERS\CAPTAINLUCHA\DESKTOP\SCHOOL WORKSPACE\NEW ENGINE\GAMEENGINE\GAMEENGINE\DEBUGINLINE\MODEL_NODE.OBJ
C:\USERS\CAPTAINLUCHA\DESKTOP\SCHOOL WORKSPACE\NEW ENGINE\GAMEENGINE\GAMEENGINE\DEBUGINLINE\MODEL_NODE_MESH.OBJ
C:\USERS\CAPTAINLUCHA\DESKTOP\SCHOOL WORKSPACE\NEW ENGINE\GAMEENGINE\GAMEENGINE\DEBUGINLINE\NAMEDPROPERTIES.OBJ
C:\USERS\CAPTAINLUCHA\DESKTOP\SCHOOL WORKSPACE\NEW ENGINE\GAMEENGINE\GAMEENGINE\DEBUGINLINE\OBJECT.OBJ
C:\USERS\CAPTAINLUCHA\DESKTOP\SCHOOL WORKSPACE\NEW ENGINE\GAMEENGINE\GAMEENGINE\DEBUGINLINE\OBJECT2D.OBJ
C:\USERS\CAPTAINLUCHA\DESKTOP\SCHOOL WORKSPACE\NEW ENGINE\GAMEENGINE\GAMEENGINE\DEBUGINLINE\PHYSICSSYSTEM.OBJ
C:\USERS\CAPTAINLUCHA\DESKTOP\SCHOOL WORKSPACE\NEW ENGINE\GAMEENGINE\GAMEENGINE\DEBUGINLINE\PLATFORM.OBJ
C:\USERS\CAPTAINLUCHA\DESKTOP\SCHOOL WORKSPACE\NEW ENGINE\GAMEENGINE\GAMEENGINE\DEBUGINLINE\PROFILINGSECTION.OBJ
C:\USERS\CAPTAINLUCHA\DESKTOP\SCHOOL WORKSPACE\NEW ENGINE\GAMEENGINE\GAMEENGINE\DEBUGINLINE\PROFILINGSYSTEM.OBJ
C:\USERS\CAPTAINLUCHA\DESKTOP\SCHOOL WORKSPACE\NEW ENGINE\GAMEENGINE\GAMEENGINE\DEBUGINLINE\PUGIXML.OBJ
C:\USERS\CAPTAINLUCHA\DESKTOP\SCHOOL WORKSPACE\NEW ENGINE\GAMEENGINE\GAMEENGINE\DEBUGINLINE\QUATERNION.OBJ
C:\USERS\CAPTAINLUCHA\DESKTOP\SCHOOL WORKSPACE\NEW ENGINE\GAMEENGINE\GAMEENGINE\DEBUGINLINE\RECTANGLE.OBJ
C:\USERS\CAPTAINLUCHA\DESKTOP\SCHOOL WORKSPACE\NEW ENGINE\GAMEENGINE\GAMEENGINE\DEBUGINLINE\RENDERER.OBJ
C:\USERS\CAPTAINLUCHA\DESKTOP\SCHOOL WORKSPACE\NEW ENGINE\GAMEENGINE\GAMEENGINE\DEBUGINLINE\RENDERERUTILS.OBJ
C:\USERS\CAPTAINLUCHA\DESKTOP\SCHOOL WORKSPACE\NEW ENGINE\GAMEENGINE\GAMEENGINE\DEBUGINLINE\RIGIDBODY.OBJ
C:\USERS\CAPTAINLUCHA\DESKTOP\SCHOOL WORKSPACE\NEW ENGINE\GAMEENGINE\GAMEENGINE\DEBUGINLINE\SPHERE.OBJ
C:\USERS\CAPTAINLUCHA\DESKTOP\SCHOOL WORKSPACE\NEW ENGINE\GAMEENGINE\GAMEENGINE\DEBUGINLINE\STATICCUBOID.OBJ
C:\USERS\CAPTAINLUCHA\DESKTOP\SCHOOL WORKSPACE\NEW ENGINE\GAMEENGINE\GAMEENGINE\DEBUGINLINE\STATICPLANE.OBJ
C:\USERS\CAPTAINLUCHA\DESKTOP\SCHOOL WORKSPACE\NEW ENGINE\GAMEENGINE\GAMEENGINE\DEBUGINLINE\TEXTURE-ATLAS.OBJ
C:\USERS\CAPTAINLUCHA\DESKTOP\SCHOOL WORKSPACE\NEW ENGINE\GAMEENGINE\GAMEENGINE\DEBUGINLINE\TEXTURE-FONT.OBJ
C:\USERS\CAPTAINLUCHA\DESKTOP\SCHOOL WORKSPACE\NEW ENGINE\GAMEENGINE\GAMEENGINE\DEBUGINLINE\THREAD.OBJ
C:\USERS\CAPTAINLUCHA\DESKTOP\SCHOOL WORKSPACE\NEW ENGINE\GAMEENGINE\GAMEENGINE\DEBUGINLINE\THREADJOB.OBJ
C:\USERS\CAPTAINLUCHA\DESKTOP\SCHOOL WORKSPACE\NEW ENGINE\GAMEENGINE\GAMEENGINE\DEBUGINLINE\THREADMUTEX.OBJ
C:\USERS\CAPTAINLUCHA\DESKTOP\SCHOOL WORKSPACE\NEW ENGINE\GAMEENGINE\GAMEENGINE\DEBUGINLINE\TIME.OBJ
C:\USERS\CAPTAINLUCHA\DESKTOP\SCHOOL WORKSPACE\NEW ENGINE\GAMEENGINE\GAMEENGINE\DEBUGINLINE\TIMER.OBJ
C:\USERS\CAPTAINLUCHA\DESKTOP\SCHOOL WORKSPACE\NEW ENGINE\GAMEENGINE\GAMEENGINE\DEBUGINLINE\TINYTHREAD.OBJ
C:\USERS\CAPTAINLUCHA\DESKTOP\SCHOOL WORKSPACE\NEW ENGINE\GAMEENGINE\GAMEENGINE\DEBUGINLINE\TRANSFORMATION.OBJ
C:\USERS\CAPTAINLUCHA\DESKTOP\SCHOOL WORKSPACE\NEW ENGINE\GAMEENGINE\GAMEENGINE\DEBUGINLINE\TRIANGLE3D.OBJ
C:\USERS\CAPTAINLUCHA\DESKTOP\SCHOOL WORKSPACE\NEW ENGINE\GAMEENGINE\GAMEENGINE\DEBUGINLINE\UTILS.OBJ
C:\Users\CaptainLucha\Desktop\School Workspace\New Engine\GameEngine\GameEngine\DebugInline\vc100.idb
C:\USERS\CAPTAINLUCHA\DESKTOP\SCHOOL WORKSPACE\NEW ENGINE\GAMEENGINE\GAMEENGINE\DEBUGINLINE\VC100.PDB
C:\USERS\CAPTAINLUCHA\DESKTOP\SCHOOL WORKSPACE\NEW ENGINE\GAMEENGINE\GAMEENGINE\DEBUGINLINE\VECTOR.OBJ
C:\USERS\CAPTAINLUCHA\DESKTOP\SCHOOL WORKSPACE\NEW ENGINE\GAMEENGINE\GAMEENGINE\DEBUGINLINE\VECTOR2D.OBJ
C:\USERS\CAPTAINLUCHA\DESKTOP\SCHOOL WORKSPACE\NEW ENGINE\GAMEENGINE\GAMEENGINE\DEBUGINLINE\VECTOR3D.OBJ
C:\USERS\CAPTAINLUCHA\DESKTOP\SCHOOL WORKSPACE\NEW ENGINE\GAMEENGINE\GAMEENGINE\DEBUGINLINE\VECTOR4D.OBJ
C:\USERS\CAPTAINLUCHA\DESKTOP\SCHOOL WORKSPACE\NEW ENGINE\GAMEENGINE\GAMEENGINE\DEBUGINLINE\VERTEX-ATTRIBUTE.OBJ
C:\USERS\CAPTAINLUCHA\DESKTOP\SCHOOL WORKSPACE\NEW ENGINE\GAMEENGINE\GAMEENGINE\DEBUGINLINE\VERTEX-BUFFER.OBJ
C:\USERS\CAPTAINLUCHA\DESKTOP\SCHOOL WORKSPACE\NEW ENGINE\GAMEENGINE\GAMEENGINE\DEBUGINLINE\VERTEXBUFFEROBJECT.OBJ
C:\USERS\CAPTAINLUCHA\DESKTOP\SCHOOL WORKSPACE\NEW ENGINE\GAMEENGINE\GAMEENGINE\DEBUGINLINE\WINDOWSUTILS.OBJ
C:\USERS\CAPTAINLUCHA\DESKTOP\SCHOOL WORKSPACE\NEW ENGINE\GAMEENGINE\GAMEENGINE\DEBUGINLINE\XMLLOADER.OBJ
C:\USERS\CAPTAINLUCHA\DESKTOP\SCHOOL WORKSPACE\NEW ENGINE\LIBS\GAMEENGINE\DEBUG\GAMEENGINE.LIB
