Build started 1/13/2014 3:50:39 PM.
     1>Project "C:\Users\CaptainLucha\Desktop\School Workspace\New Engine\GameEngine\GameEngine\GameEngine.vcxproj" on node 2 (build target(s)).
     1>InitializeBuildStatus:
         Creating "DebugInline\GameEngine.unsuccessfulbuild" because "AlwaysCreate" was specified.
       AddCudaCompileDeps:
         c:\Program Files (x86)\Microsoft Visual Studio 10.0\VC\bin\cl.exe /E /nologo /showIncludes /TP /D__CUDACC__ /D_CRT_SECURE_NO_WARNINGS /D_DEBUG /D_MBCS /I"C:\Program Files\NVIDIA GPU Computing Toolkit\CUDA\v5.5/include" /I../../libs/AntTweakBar/include /I../../libs/FreeType/include /I../../libs/ZLib/include /I../../libs/glfw/include/GLFW /I../../libs/freeimage/include /I../../libs/glew-1.9.0/include/GL /I"C:\Program Files\NVIDIA GPU Computing Toolkit\CUDA\v5.5/include/" /I"C:\Program Files\NVIDIA GPU Computing Toolkit\CUDA\v5.5\bin" /I"C:\Program Files\NVIDIA GPU Computing Toolkit\CUDA\v5.5\include" /I. /FIcuda_runtime.h /c "C:\Users\CaptainLucha\Desktop\School Workspace\New Engine\GameEngine\common\Renderer\CUDA\CUDA_Clustered.cu" 
       AddCudaCompileDeps:
       Skipping target "AddCudaCompileDeps" because all output files are up-to-date with respect to the input files.
       AddCudaCompileDeps:
       Skipping target "AddCudaCompileDeps" because all output files are up-to-date with respect to the input files.
       AddCudaCompileDeps:
       Skipping target "AddCudaCompileDeps" because all output files are up-to-date with respect to the input files.
       AddCudaCompilePropsDeps:
       Skipping target "AddCudaCompilePropsDeps" because all output files are up-to-date with respect to the input files.
       AddCudaCompilePropsDeps:
       Skipping target "AddCudaCompilePropsDeps" because all output files are up-to-date with respect to the input files.
       AddCudaCompilePropsDeps:
       Skipping target "AddCudaCompilePropsDeps" because all output files are up-to-date with respect to the input files.
       AddCudaCompilePropsDeps:
       Skipping target "AddCudaCompilePropsDeps" because all output files are up-to-date with respect to the input files.
       CudaBuild:
         Compiling CUDA source file ..\common\Renderer\CUDA\CUDA_Clustered.cu...
         cmd.exe /C "C:\Users\CaptainLucha\AppData\Local\Temp\6109963859404f67b8e4be5ae5ad7627.cmd"
         "C:\Program Files\NVIDIA GPU Computing Toolkit\CUDA\v5.5\bin\nvcc.exe" -gencode=arch=compute_20,code=\"sm_20,compute_20\" --use-local-env --cl-version 2010 -ccbin "c:\Program Files (x86)\Microsoft Visual Studio 10.0\VC\bin"  -I"C:\Program Files\NVIDIA GPU Computing Toolkit\CUDA\v5.5/include" -I../../libs/AntTweakBar/include -I../../libs/FreeType/include -I../../libs/ZLib/include -I../../libs/glfw/include/GLFW -I../../libs/freeimage/include -I"../../libs/glew-1.9.0/include/GL" -I"C:\Program Files\NVIDIA GPU Computing Toolkit\CUDA\v5.5/include/" -I"C:\Program Files\NVIDIA GPU Computing Toolkit\CUDA\v5.5\include"     --keep-dir DebugInline -maxrregcount=0  --machine 32 --compile -cudart static     -D_CRT_SECURE_NO_WARNINGS -D_DEBUG -D_MBCS -Xcompiler "/EHsc /W3 /nologo /Od /Zi /RTC1 /MDd  " -o DebugInline\CUDA_Clustered.cu.obj "C:\Users\CaptainLucha\Desktop\School Workspace\New Engine\GameEngine\common\Renderer\CUDA\CUDA_Clustered.cu"
         
         C:\Users\CaptainLucha\Desktop\School Workspace\New Engine\GameEngine\GameEngine>"C:\Program Files\NVIDIA GPU Computing Toolkit\CUDA\v5.5\bin\nvcc.exe" -gencode=arch=compute_20,code=\"sm_20,compute_20\" --use-local-env --cl-version 2010 -ccbin "c:\Program Files (x86)\Microsoft Visual Studio 10.0\VC\bin"  -I"C:\Program Files\NVIDIA GPU Computing Toolkit\CUDA\v5.5/include" -I../../libs/AntTweakBar/include -I../../libs/FreeType/include -I../../libs/ZLib/include -I../../libs/glfw/include/GLFW -I../../libs/freeimage/include -I"../../libs/glew-1.9.0/include/GL" -I"C:\Program Files\NVIDIA GPU Computing Toolkit\CUDA\v5.5/include/" -I"C:\Program Files\NVIDIA GPU Computing Toolkit\CUDA\v5.5\include"     --keep-dir DebugInline -maxrregcount=0  --machine 32 --compile -cudart static     -D_CRT_SECURE_NO_WARNINGS -D_DEBUG -D_MBCS -Xcompiler "/EHsc /W3 /nologo /Od /Zi /RTC1 /MDd  " -o DebugInline\CUDA_Clustered.cu.obj "C:\Users\CaptainLucha\Desktop\School Workspace\New Engine\GameEngine\common\Renderer\CUDA\CUDA_Clustered.cu" 
     1>C:/Users/CaptainLucha/Desktop/School Workspace/New Engine/GameEngine/common/Renderer/CUDA/CUDA_Clustered.cu(290): warning : variable "k" was declared but never referenced
         
     1>C:/Users/CaptainLucha/Desktop/School Workspace/New Engine/GameEngine/common/Renderer/CUDA/CUDA_Clustered.cu(290): warning : variable "k" was declared but never referenced
         
     1>C:/Users/CaptainLucha/Desktop/School Workspace/New Engine/GameEngine/common/Renderer/CUDA/CUDA_Clustered.cu(283): warning C4244: 'argument' : conversion from 'float' to 'unsigned int', possible loss of data
       CudaBuild:
       Skipping target "CudaBuild" because all output files are up-to-date with respect to the input files.
       CudaBuild:
       Skipping target "CudaBuild" because all output files are up-to-date with respect to the input files.
       CudaBuild:
       Skipping target "CudaBuild" because all output files are up-to-date with respect to the input files.
       ClCompile:
         All outputs are up-to-date.
         All outputs are up-to-date.
       Lib:
         c:\Program Files (x86)\Microsoft Visual Studio 10.0\VC\bin\Lib.exe /OUT:"../../libs/GameEngine/Debug/GameEngine.lib" cudart.lib glu32.lib /LIBPATH:"C:\Program Files\NVIDIA GPU Computing Toolkit\CUDA\v5.5\lib\Win32\\" /NOLOGO DebugInline\CUDA_Clustered.cu.obj
         DebugInline\CUDA_Clustered_Kernels.cu.obj
         DebugInline\CUDA_Lights.cu.obj
         DebugInline\CUDA_Utils.cu.obj
         DebugInline\Camera.obj
         DebugInline\AABoundingBox.obj
         DebugInline\BoundingSphere.obj
         DebugInline\CollisionFunctions.obj
         DebugInline\CollisionListener.obj
         DebugInline\CollisionMovable.obj
         DebugInline\CollisionPhysicsObject.obj
         DebugInline\CollisionStatic.obj
         DebugInline\CollisionSystem.obj
         DebugInline\StaticCuboid.obj
         DebugInline\StaticPlane.obj
         DebugInline\CLConsole.obj
         DebugInline\EventSystem.obj
         DebugInline\NamedProperties.obj
         DebugInline\InputListener.obj
         DebugInline\InputSystem.obj
         DebugInline\Math.obj
         DebugInline\Matrix2D.obj
         DebugInline\Matrix3D.obj
         DebugInline\Matrix4D.obj
         DebugInline\Quaternion.obj
         DebugInline\Rectangle.obj
         DebugInline\Transformation.obj
         DebugInline\Vector2D.obj
         DebugInline\Vector3D.obj
         DebugInline\Vector4D.obj
         DebugInline\Object.obj
         DebugInline\Object2D.obj
         DebugInline\Contact.obj
         DebugInline\ContactResolver.obj
         DebugInline\PhysicsSystem.obj
         DebugInline\RigidBody.obj
         DebugInline\ClusteredRenderer.obj
         DebugInline\Color.obj
         DebugInline\DebugGrid.obj
         DebugInline\DeferredRenderer.obj
         DebugInline\Font.obj
         DebugInline\platform.obj
         "DebugInline\texture-atlas.obj"
         "DebugInline\texture-font.obj"
         DebugInline\vector.obj
         "DebugInline\vertex-attribute.obj"
         "DebugInline\vertex-buffer.obj"
         DebugInline\FrameBufferObject.obj
         DebugInline\Geometry.obj
         DebugInline\Cone.obj
         DebugInline\Cube.obj
         DebugInline\Cuboid.obj
         DebugInline\Mesh.obj
         DebugInline\Sphere.obj
         DebugInline\Triangle3D.obj
         DebugInline\IndexBufferObject.obj
         DebugInline\DeferredLight.obj
         DebugInline\DeferredLight_Ambient.obj
         DebugInline\DeferredLight_Directional.obj
         DebugInline\DeferredLight_Point.obj
         DebugInline\DeferredLight_Spot.obj
         DebugInline\ForwardRenderLights.obj
         DebugInline\MatrixStack.obj
         DebugInline\Model.obj
         DebugInline\Model_Material.obj
         DebugInline\Model_Node.obj
         DebugInline\Model_Node_Mesh.obj
         DebugInline\Renderer.obj
         DebugInline\RendererUtils.obj
         DebugInline\GLProgram.obj
         DebugInline\GLTextureManager.obj
         DebugInline\GLTexture.obj
         DebugInline\VertexBufferObject.obj
         DebugInline\Thread.obj
         DebugInline\JobManager.obj
         DebugInline\ThreadJob.obj
         DebugInline\ThreadMutex.obj
         DebugInline\tinythread.obj
         DebugInline\Clock.obj
         DebugInline\FPSCalc.obj
         DebugInline\ProfilingSection.obj
         DebugInline\ProfilingSystem.obj
         DebugInline\Time.obj
         DebugInline\Timer.obj
         DebugInline\CLLogger.obj
         DebugInline\Commandlets.obj
         DebugInline\CLFileImporter.obj
         DebugInline\DebugUIWidget.obj
         DebugInline\MemoryManager.obj
         DebugInline\MemoryOverride.obj
         DebugInline\pugixml.obj
         DebugInline\Utils.obj
         DebugInline\WindowsUtils.obj
         DebugInline\XMLLoader.obj
         DebugInline\CLCore.obj
     1>glu32.lib(GLU32.dll) : warning LNK4006: __NULL_IMPORT_DESCRIPTOR already defined in cudart.lib(cudart32_55.dll); second definition ignored
     1>glu32.lib(GLU32.dll) : warning LNK4221: This object file does not define any previously undefined public symbols, so it will not be used by any link operation that consumes this library
         GameEngine.vcxproj -> C:\Users\CaptainLucha\Desktop\School Workspace\New Engine\GameEngine\GameEngine\../../libs/GameEngine/Debug/GameEngine.lib
       FinalizeBuildStatus:
         Deleting file "DebugInline\GameEngine.unsuccessfulbuild".
         Touching "DebugInline\GameEngine.lastbuildstate".
     1>Done Building Project "C:\Users\CaptainLucha\Desktop\School Workspace\New Engine\GameEngine\GameEngine\GameEngine.vcxproj" (build target(s)).

Build succeeded.

Time Elapsed 00:00:24.86
