Build started 1/13/2014 2:23:00 PM.
     1>Project "C:\Users\CaptainLucha\Desktop\School Workspace\New Engine\GameEngine\GameEngine\GameEngine.vcxproj" on node 2 (rebuild target(s)).
     1>_PrepareForClean:
         Deleting file "Release\GameEngine.lastbuildstate".
       CudaClean:
         cmd.exe /C "C:\Users\CaptainLucha\AppData\Local\Temp\e283bda4fab048af8964d4ede8b17962.cmd"
         "C:\Program Files\NVIDIA GPU Computing Toolkit\CUDA\v5.5\bin\nvcc.exe" -ccbin "c:\Program Files (x86)\Microsoft Visual Studio 10.0\VC\bin"  -I"C:\Program Files\NVIDIA GPU Computing Toolkit\CUDA\v5.5/include" -I../../libs/AntTweakBar/include -I../../libs/FreeType/include -I../../libs/ZLib/include -I../../libs/glfw/include/GLFW -I../../libs/freeimage/include -I"../../libs/glew-1.9.0/include/GL" -I"C:\Program Files\NVIDIA GPU Computing Toolkit\CUDA\v5.5\include"     --keep-dir Release -maxrregcount=0  --machine 32 --compile      -D_CRT_SECURE_NO_WARNINGS -D_MBCS -Xcompiler "/EHsc /W3 /nologo /O2 /Zi  /MD  " -o Release\CUDA_Clustered.cu.obj "C:\Users\CaptainLucha\Desktop\School Workspace\New Engine\GameEngine\common\Renderer\CUDA\CUDA_Clustered.cu" -clean
         
         C:\Users\CaptainLucha\Desktop\School Workspace\New Engine\GameEngine\GameEngine>"C:\Program Files\NVIDIA GPU Computing Toolkit\CUDA\v5.5\bin\nvcc.exe" -ccbin "c:\Program Files (x86)\Microsoft Visual Studio 10.0\VC\bin"  -I"C:\Program Files\NVIDIA GPU Computing Toolkit\CUDA\v5.5/include" -I../../libs/AntTweakBar/include -I../../libs/FreeType/include -I../../libs/ZLib/include -I../../libs/glfw/include/GLFW -I../../libs/freeimage/include -I"../../libs/glew-1.9.0/include/GL" -I"C:\Program Files\NVIDIA GPU Computing Toolkit\CUDA\v5.5\include"     --keep-dir Release -maxrregcount=0  --machine 32 --compile      -D_CRT_SECURE_NO_WARNINGS -D_MBCS -Xcompiler "/EHsc /W3 /nologo /O2 /Zi  /MD  " -o Release\CUDA_Clustered.cu.obj "C:\Users\CaptainLucha\Desktop\School Workspace\New Engine\GameEngine\common\Renderer\CUDA\CUDA_Clustered.cu" -clean 
         Deleting file "Release\..\common\Renderer\CUDA\CUDA_Clustered.cu.deps".
       CudaClean:
         cmd.exe /C "C:\Users\CaptainLucha\AppData\Local\Temp\823973f823f74948bc14f5a425af3c65.cmd"
         "C:\Program Files\NVIDIA GPU Computing Toolkit\CUDA\v5.5\bin\nvcc.exe" -ccbin "c:\Program Files (x86)\Microsoft Visual Studio 10.0\VC\bin"  -I"C:\Program Files\NVIDIA GPU Computing Toolkit\CUDA\v5.5/include" -I../../libs/AntTweakBar/include -I../../libs/FreeType/include -I../../libs/ZLib/include -I../../libs/glfw/include/GLFW -I../../libs/freeimage/include -I"../../libs/glew-1.9.0/include/GL" -I"C:\Program Files\NVIDIA GPU Computing Toolkit\CUDA\v5.5\include"     --keep-dir Release -maxrregcount=0  --machine 32 --compile      -D_CRT_SECURE_NO_WARNINGS -D_MBCS -Xcompiler "/EHsc /W3 /nologo /O2 /Zi  /MD  " -o Release\CUDA_Clustered_Kernels.cu.obj "C:\Users\CaptainLucha\Desktop\School Workspace\New Engine\GameEngine\common\Renderer\CUDA\CUDA_Clustered_Kernels.cu" -clean
         
         C:\Users\CaptainLucha\Desktop\School Workspace\New Engine\GameEngine\GameEngine>"C:\Program Files\NVIDIA GPU Computing Toolkit\CUDA\v5.5\bin\nvcc.exe" -ccbin "c:\Program Files (x86)\Microsoft Visual Studio 10.0\VC\bin"  -I"C:\Program Files\NVIDIA GPU Computing Toolkit\CUDA\v5.5/include" -I../../libs/AntTweakBar/include -I../../libs/FreeType/include -I../../libs/ZLib/include -I../../libs/glfw/include/GLFW -I../../libs/freeimage/include -I"../../libs/glew-1.9.0/include/GL" -I"C:\Program Files\NVIDIA GPU Computing Toolkit\CUDA\v5.5\include"     --keep-dir Release -maxrregcount=0  --machine 32 --compile      -D_CRT_SECURE_NO_WARNINGS -D_MBCS -Xcompiler "/EHsc /W3 /nologo /O2 /Zi  /MD  " -o Release\CUDA_Clustered_Kernels.cu.obj "C:\Users\CaptainLucha\Desktop\School Workspace\New Engine\GameEngine\common\Renderer\CUDA\CUDA_Clustered_Kernels.cu" -clean 
         Deleting file "Release\..\common\Renderer\CUDA\CUDA_Clustered_Kernels.cu.deps".
       CudaClean:
         cmd.exe /C "C:\Users\CaptainLucha\AppData\Local\Temp\78c30adf8df649a08b1047b32efbc8a2.cmd"
         "C:\Program Files\NVIDIA GPU Computing Toolkit\CUDA\v5.5\bin\nvcc.exe" -ccbin "c:\Program Files (x86)\Microsoft Visual Studio 10.0\VC\bin"  -I"C:\Program Files\NVIDIA GPU Computing Toolkit\CUDA\v5.5/include" -I../../libs/AntTweakBar/include -I../../libs/FreeType/include -I../../libs/ZLib/include -I../../libs/glfw/include/GLFW -I../../libs/freeimage/include -I"../../libs/glew-1.9.0/include/GL" -I"C:\Program Files\NVIDIA GPU Computing Toolkit\CUDA\v5.5\include"     --keep-dir Release -maxrregcount=0  --machine 32 --compile      -D_CRT_SECURE_NO_WARNINGS -D_MBCS -Xcompiler "/EHsc /W3 /nologo /O2 /Zi  /MD  " -o Release\CUDA_Lights.cu.obj "C:\Users\CaptainLucha\Desktop\School Workspace\New Engine\GameEngine\common\Renderer\CUDA\CUDA_Lights.cu" -clean
         
         C:\Users\CaptainLucha\Desktop\School Workspace\New Engine\GameEngine\GameEngine>"C:\Program Files\NVIDIA GPU Computing Toolkit\CUDA\v5.5\bin\nvcc.exe" -ccbin "c:\Program Files (x86)\Microsoft Visual Studio 10.0\VC\bin"  -I"C:\Program Files\NVIDIA GPU Computing Toolkit\CUDA\v5.5/include" -I../../libs/AntTweakBar/include -I../../libs/FreeType/include -I../../libs/ZLib/include -I../../libs/glfw/include/GLFW -I../../libs/freeimage/include -I"../../libs/glew-1.9.0/include/GL" -I"C:\Program Files\NVIDIA GPU Computing Toolkit\CUDA\v5.5\include"     --keep-dir Release -maxrregcount=0  --machine 32 --compile      -D_CRT_SECURE_NO_WARNINGS -D_MBCS -Xcompiler "/EHsc /W3 /nologo /O2 /Zi  /MD  " -o Release\CUDA_Lights.cu.obj "C:\Users\CaptainLucha\Desktop\School Workspace\New Engine\GameEngine\common\Renderer\CUDA\CUDA_Lights.cu" -clean 
         Deleting file "Release\..\common\Renderer\CUDA\CUDA_Lights.cu.deps".
       CudaClean:
         cmd.exe /C "C:\Users\CaptainLucha\AppData\Local\Temp\6be31c3b331a43bdb70384bacd3d9324.cmd"
         "C:\Program Files\NVIDIA GPU Computing Toolkit\CUDA\v5.5\bin\nvcc.exe" -ccbin "c:\Program Files (x86)\Microsoft Visual Studio 10.0\VC\bin"  -I"C:\Program Files\NVIDIA GPU Computing Toolkit\CUDA\v5.5/include" -I../../libs/AntTweakBar/include -I../../libs/FreeType/include -I../../libs/ZLib/include -I../../libs/glfw/include/GLFW -I../../libs/freeimage/include -I"../../libs/glew-1.9.0/include/GL" -I"C:\Program Files\NVIDIA GPU Computing Toolkit\CUDA\v5.5\include"     --keep-dir Release -maxrregcount=0  --machine 32 --compile      -D_CRT_SECURE_NO_WARNINGS -D_MBCS -Xcompiler "/EHsc /W3 /nologo /O2 /Zi  /MD  " -o Release\CUDA_Utils.cu.obj "C:\Users\CaptainLucha\Desktop\School Workspace\New Engine\GameEngine\common\Renderer\CUDA\CUDA_Utils.cu" -clean
         
         C:\Users\CaptainLucha\Desktop\School Workspace\New Engine\GameEngine\GameEngine>"C:\Program Files\NVIDIA GPU Computing Toolkit\CUDA\v5.5\bin\nvcc.exe" -ccbin "c:\Program Files (x86)\Microsoft Visual Studio 10.0\VC\bin"  -I"C:\Program Files\NVIDIA GPU Computing Toolkit\CUDA\v5.5/include" -I../../libs/AntTweakBar/include -I../../libs/FreeType/include -I../../libs/ZLib/include -I../../libs/glfw/include/GLFW -I../../libs/freeimage/include -I"../../libs/glew-1.9.0/include/GL" -I"C:\Program Files\NVIDIA GPU Computing Toolkit\CUDA\v5.5\include"     --keep-dir Release -maxrregcount=0  --machine 32 --compile      -D_CRT_SECURE_NO_WARNINGS -D_MBCS -Xcompiler "/EHsc /W3 /nologo /O2 /Zi  /MD  " -o Release\CUDA_Utils.cu.obj "C:\Users\CaptainLucha\Desktop\School Workspace\New Engine\GameEngine\common\Renderer\CUDA\CUDA_Utils.cu" -clean 
         Deleting file "Release\..\common\Renderer\CUDA\CUDA_Utils.cu.deps".
       InitializeBuildStatus:
         Touching "Release\GameEngine.unsuccessfulbuild".
       AddCudaCompileDeps:
         c:\Program Files (x86)\Microsoft Visual Studio 10.0\VC\bin\cl.exe /E /nologo /showIncludes /TP /D__CUDACC__ /D_CRT_SECURE_NO_WARNINGS /D_MBCS /I"C:\Program Files\NVIDIA GPU Computing Toolkit\CUDA\v5.5/include" /I../../libs/AntTweakBar/include /I../../libs/FreeType/include /I../../libs/ZLib/include /I../../libs/glfw/include/GLFW /I../../libs/freeimage/include /I../../libs/glew-1.9.0/include/GL /I"C:\Program Files\NVIDIA GPU Computing Toolkit\CUDA\v5.5\bin" /I"C:\Program Files\NVIDIA GPU Computing Toolkit\CUDA\v5.5\include" /I. /FIcuda_runtime.h /c "C:\Users\CaptainLucha\Desktop\School Workspace\New Engine\GameEngine\common\Renderer\CUDA\CUDA_Clustered.cu" 
       AddCudaCompileDeps:
         c:\Program Files (x86)\Microsoft Visual Studio 10.0\VC\bin\cl.exe /E /nologo /showIncludes /TP /D__CUDACC__ /D_CRT_SECURE_NO_WARNINGS /D_MBCS /I"C:\Program Files\NVIDIA GPU Computing Toolkit\CUDA\v5.5/include" /I../../libs/AntTweakBar/include /I../../libs/FreeType/include /I../../libs/ZLib/include /I../../libs/glfw/include/GLFW /I../../libs/freeimage/include /I../../libs/glew-1.9.0/include/GL /I"C:\Program Files\NVIDIA GPU Computing Toolkit\CUDA\v5.5\bin" /I"C:\Program Files\NVIDIA GPU Computing Toolkit\CUDA\v5.5\include" /I. /FIcuda_runtime.h /c "C:\Users\CaptainLucha\Desktop\School Workspace\New Engine\GameEngine\common\Renderer\CUDA\CUDA_Clustered_Kernels.cu" 
       AddCudaCompileDeps:
         c:\Program Files (x86)\Microsoft Visual Studio 10.0\VC\bin\cl.exe /E /nologo /showIncludes /TP /D__CUDACC__ /D_CRT_SECURE_NO_WARNINGS /D_MBCS /I"C:\Program Files\NVIDIA GPU Computing Toolkit\CUDA\v5.5/include" /I../../libs/AntTweakBar/include /I../../libs/FreeType/include /I../../libs/ZLib/include /I../../libs/glfw/include/GLFW /I../../libs/freeimage/include /I../../libs/glew-1.9.0/include/GL /I"C:\Program Files\NVIDIA GPU Computing Toolkit\CUDA\v5.5\bin" /I"C:\Program Files\NVIDIA GPU Computing Toolkit\CUDA\v5.5\include" /I. /FIcuda_runtime.h /c "C:\Users\CaptainLucha\Desktop\School Workspace\New Engine\GameEngine\common\Renderer\CUDA\CUDA_Lights.cu" 
       AddCudaCompileDeps:
         c:\Program Files (x86)\Microsoft Visual Studio 10.0\VC\bin\cl.exe /E /nologo /showIncludes /TP /D__CUDACC__ /D_CRT_SECURE_NO_WARNINGS /D_MBCS /I"C:\Program Files\NVIDIA GPU Computing Toolkit\CUDA\v5.5/include" /I../../libs/AntTweakBar/include /I../../libs/FreeType/include /I../../libs/ZLib/include /I../../libs/glfw/include/GLFW /I../../libs/freeimage/include /I../../libs/glew-1.9.0/include/GL /I"C:\Program Files\NVIDIA GPU Computing Toolkit\CUDA\v5.5\bin" /I"C:\Program Files\NVIDIA GPU Computing Toolkit\CUDA\v5.5\include" /I. /FIcuda_runtime.h /c "C:\Users\CaptainLucha\Desktop\School Workspace\New Engine\GameEngine\common\Renderer\CUDA\CUDA_Utils.cu" 
       AddCudaCompilePropsDeps:
         Found "CudaToolkitCustomDir".
         Found "AdditionalDeps".
         Found "CompileOut".
         Found "Include".
         Found "UseHostInclude".
         Found "Keep".
         Found "KeepDir".
         Found "GenerateRelocatableDeviceCode".
         Found "NvccCompilation".
         Found "CudaRuntime".
         Found "NvccPath".
         Found "RequiredIncludes".
         Found "TargetMachinePlatform".
         Found "CInterleavedPTX".
         Found "CodeGeneration".
         Found "GPUDebugInfo".
         Found "GenerateLineInfo".
         Found "MaxRegCount".
         Found "PtxAsOptionV".
         Found "AdditionalCompilerOptions".
         Found "Defines".
         Found "UseHostDefines".
         Found "Emulation".
         Found "HostDebugInfo".
         Found "FastMath".
         Found "Optimization".
         Found "Runtime".
         Found "RuntimeChecks".
         Found "TypeInfo".
         Found "Warning".
         Found "AdditionalOptions".
         Found "CommandLineTemplate".
         Found "PerformDeviceLink".
         Found "LinkOut".
         Found "AdditionalLibraryDirectories".
         Found "UseHostLibraryDirectories".
         Found "AdditionalDependencies".
         Found "UseHostLibraryDependencies".
         Found "GPUDebugInfo".
         Found "Optimization".
         Found "CodeGeneration".
         Found "TargetMachinePlatform".
         Found "Warning".
         Found "RuntimeChecks".
         Found "Runtime".
         Found "TypeInfo".
         Found "AdditionalCompilerOptions".
         Found "Inputs".
         Found "AdditionalOptions".
         Found "CommandLineTemplate".
       AddCudaCompilePropsDeps:
         Found "CudaToolkitCustomDir".
         Found "AdditionalDeps".
         Found "CompileOut".
         Found "Include".
         Found "UseHostInclude".
         Found "Keep".
         Found "KeepDir".
         Found "GenerateRelocatableDeviceCode".
         Found "NvccCompilation".
         Found "CudaRuntime".
         Found "NvccPath".
         Found "RequiredIncludes".
         Found "TargetMachinePlatform".
         Found "CInterleavedPTX".
         Found "CodeGeneration".
         Found "GPUDebugInfo".
         Found "GenerateLineInfo".
         Found "MaxRegCount".
         Found "PtxAsOptionV".
         Found "AdditionalCompilerOptions".
         Found "Defines".
         Found "UseHostDefines".
         Found "Emulation".
         Found "HostDebugInfo".
         Found "FastMath".
         Found "Optimization".
         Found "Runtime".
         Found "RuntimeChecks".
         Found "TypeInfo".
         Found "Warning".
         Found "AdditionalOptions".
         Found "CommandLineTemplate".
         Found "PerformDeviceLink".
         Found "LinkOut".
         Found "AdditionalLibraryDirectories".
         Found "UseHostLibraryDirectories".
         Found "AdditionalDependencies".
         Found "UseHostLibraryDependencies".
         Found "GPUDebugInfo".
         Found "Optimization".
         Found "CodeGeneration".
         Found "TargetMachinePlatform".
         Found "Warning".
         Found "RuntimeChecks".
         Found "Runtime".
         Found "TypeInfo".
         Found "AdditionalCompilerOptions".
         Found "Inputs".
         Found "AdditionalOptions".
         Found "CommandLineTemplate".
       AddCudaCompilePropsDeps:
         Found "CudaToolkitCustomDir".
         Found "AdditionalDeps".
         Found "CompileOut".
         Found "Include".
         Found "UseHostInclude".
         Found "Keep".
         Found "KeepDir".
         Found "GenerateRelocatableDeviceCode".
         Found "NvccCompilation".
         Found "CudaRuntime".
         Found "NvccPath".
         Found "RequiredIncludes".
         Found "TargetMachinePlatform".
         Found "CInterleavedPTX".
         Found "CodeGeneration".
         Found "GPUDebugInfo".
         Found "GenerateLineInfo".
         Found "MaxRegCount".
         Found "PtxAsOptionV".
         Found "AdditionalCompilerOptions".
         Found "Defines".
         Found "UseHostDefines".
         Found "Emulation".
         Found "HostDebugInfo".
         Found "FastMath".
         Found "Optimization".
         Found "Runtime".
         Found "RuntimeChecks".
         Found "TypeInfo".
         Found "Warning".
         Found "AdditionalOptions".
         Found "CommandLineTemplate".
         Found "PerformDeviceLink".
         Found "LinkOut".
         Found "AdditionalLibraryDirectories".
         Found "UseHostLibraryDirectories".
         Found "AdditionalDependencies".
         Found "UseHostLibraryDependencies".
         Found "GPUDebugInfo".
         Found "Optimization".
         Found "CodeGeneration".
         Found "TargetMachinePlatform".
         Found "Warning".
         Found "RuntimeChecks".
         Found "Runtime".
         Found "TypeInfo".
         Found "AdditionalCompilerOptions".
         Found "Inputs".
         Found "AdditionalOptions".
         Found "CommandLineTemplate".
       AddCudaCompilePropsDeps:
         Found "CudaToolkitCustomDir".
         Found "AdditionalDeps".
         Found "CompileOut".
         Found "Include".
         Found "UseHostInclude".
         Found "Keep".
         Found "KeepDir".
         Found "GenerateRelocatableDeviceCode".
         Found "NvccCompilation".
         Found "CudaRuntime".
         Found "NvccPath".
         Found "RequiredIncludes".
         Found "TargetMachinePlatform".
         Found "CInterleavedPTX".
         Found "CodeGeneration".
         Found "GPUDebugInfo".
         Found "GenerateLineInfo".
         Found "MaxRegCount".
         Found "PtxAsOptionV".
         Found "AdditionalCompilerOptions".
         Found "Defines".
         Found "UseHostDefines".
         Found "Emulation".
         Found "HostDebugInfo".
         Found "FastMath".
         Found "Optimization".
         Found "Runtime".
         Found "RuntimeChecks".
         Found "TypeInfo".
         Found "Warning".
         Found "AdditionalOptions".
         Found "CommandLineTemplate".
         Found "PerformDeviceLink".
         Found "LinkOut".
         Found "AdditionalLibraryDirectories".
         Found "UseHostLibraryDirectories".
         Found "AdditionalDependencies".
         Found "UseHostLibraryDependencies".
         Found "GPUDebugInfo".
         Found "Optimization".
         Found "CodeGeneration".
         Found "TargetMachinePlatform".
         Found "Warning".
         Found "RuntimeChecks".
         Found "Runtime".
         Found "TypeInfo".
         Found "AdditionalCompilerOptions".
         Found "Inputs".
         Found "AdditionalOptions".
         Found "CommandLineTemplate".
       CudaBuild:
         Compiling CUDA source file ..\common\Renderer\CUDA\CUDA_Clustered.cu...
         cmd.exe /C "C:\Users\CaptainLucha\AppData\Local\Temp\3827850ae6ce484dbecb9ea609b6dc06.cmd"
         "C:\Program Files\NVIDIA GPU Computing Toolkit\CUDA\v5.5\bin\nvcc.exe" -gencode=arch=compute_10,code=\"sm_10,compute_10\" --use-local-env --cl-version 2010 -ccbin "c:\Program Files (x86)\Microsoft Visual Studio 10.0\VC\bin"  -I"C:\Program Files\NVIDIA GPU Computing Toolkit\CUDA\v5.5/include" -I../../libs/AntTweakBar/include -I../../libs/FreeType/include -I../../libs/ZLib/include -I../../libs/glfw/include/GLFW -I../../libs/freeimage/include -I"../../libs/glew-1.9.0/include/GL" -I"C:\Program Files\NVIDIA GPU Computing Toolkit\CUDA\v5.5\include"     --keep-dir Release -maxrregcount=0  --machine 32 --compile -cudart shared     -D_CRT_SECURE_NO_WARNINGS -D_MBCS -Xcompiler "/EHsc /W3 /nologo /O2 /Zi  /MD  " -o Release\CUDA_Clustered.cu.obj "C:\Users\CaptainLucha\Desktop\School Workspace\New Engine\GameEngine\common\Renderer\CUDA\CUDA_Clustered.cu"
         
         C:\Users\CaptainLucha\Desktop\School Workspace\New Engine\GameEngine\GameEngine>"C:\Program Files\NVIDIA GPU Computing Toolkit\CUDA\v5.5\bin\nvcc.exe" -gencode=arch=compute_10,code=\"sm_10,compute_10\" --use-local-env --cl-version 2010 -ccbin "c:\Program Files (x86)\Microsoft Visual Studio 10.0\VC\bin"  -I"C:\Program Files\NVIDIA GPU Computing Toolkit\CUDA\v5.5/include" -I../../libs/AntTweakBar/include -I../../libs/FreeType/include -I../../libs/ZLib/include -I../../libs/glfw/include/GLFW -I../../libs/freeimage/include -I"../../libs/glew-1.9.0/include/GL" -I"C:\Program Files\NVIDIA GPU Computing Toolkit\CUDA\v5.5\include"     --keep-dir Release -maxrregcount=0  --machine 32 --compile -cudart shared     -D_CRT_SECURE_NO_WARNINGS -D_MBCS -Xcompiler "/EHsc /W3 /nologo /O2 /Zi  /MD  " -o Release\CUDA_Clustered.cu.obj "C:\Users\CaptainLucha\Desktop\School Workspace\New Engine\GameEngine\common\Renderer\CUDA\CUDA_Clustered.cu" 
     1>C:\Users\CaptainLucha\Desktop\School Workspace\New Engine\GameEngine\common\Utils/UtilDebug.h(52): warning : expression has no effect
         
     1>C:\Users\CaptainLucha\Desktop\School Workspace\New Engine\GameEngine\common\Utils/UtilDebug.h(52): warning : expression has no effect
         
       CudaBuild:
         Compiling CUDA source file ..\common\Renderer\CUDA\CUDA_Clustered_Kernels.cu...
         cmd.exe /C "C:\Users\CaptainLucha\AppData\Local\Temp\d2325bf762d943719d918e73ad0ecdbb.cmd"
         "C:\Program Files\NVIDIA GPU Computing Toolkit\CUDA\v5.5\bin\nvcc.exe" -gencode=arch=compute_10,code=\"sm_10,compute_10\" --use-local-env --cl-version 2010 -ccbin "c:\Program Files (x86)\Microsoft Visual Studio 10.0\VC\bin"  -I"C:\Program Files\NVIDIA GPU Computing Toolkit\CUDA\v5.5/include" -I../../libs/AntTweakBar/include -I../../libs/FreeType/include -I../../libs/ZLib/include -I../../libs/glfw/include/GLFW -I../../libs/freeimage/include -I"../../libs/glew-1.9.0/include/GL" -I"C:\Program Files\NVIDIA GPU Computing Toolkit\CUDA\v5.5\include"     --keep-dir Release -maxrregcount=0  --machine 32 --compile -cudart shared     -D_CRT_SECURE_NO_WARNINGS -D_MBCS -Xcompiler "/EHsc /W3 /nologo /O2 /Zi  /MD  " -o Release\CUDA_Clustered_Kernels.cu.obj "C:\Users\CaptainLucha\Desktop\School Workspace\New Engine\GameEngine\common\Renderer\CUDA\CUDA_Clustered_Kernels.cu"
         
         C:\Users\CaptainLucha\Desktop\School Workspace\New Engine\GameEngine\GameEngine>"C:\Program Files\NVIDIA GPU Computing Toolkit\CUDA\v5.5\bin\nvcc.exe" -gencode=arch=compute_10,code=\"sm_10,compute_10\" --use-local-env --cl-version 2010 -ccbin "c:\Program Files (x86)\Microsoft Visual Studio 10.0\VC\bin"  -I"C:\Program Files\NVIDIA GPU Computing Toolkit\CUDA\v5.5/include" -I../../libs/AntTweakBar/include -I../../libs/FreeType/include -I../../libs/ZLib/include -I../../libs/glfw/include/GLFW -I../../libs/freeimage/include -I"../../libs/glew-1.9.0/include/GL" -I"C:\Program Files\NVIDIA GPU Computing Toolkit\CUDA\v5.5\include"     --keep-dir Release -maxrregcount=0  --machine 32 --compile -cudart shared     -D_CRT_SECURE_NO_WARNINGS -D_MBCS -Xcompiler "/EHsc /W3 /nologo /O2 /Zi  /MD  " -o Release\CUDA_Clustered_Kernels.cu.obj "C:\Users\CaptainLucha\Desktop\School Workspace\New Engine\GameEngine\common\Renderer\CUDA\CUDA_Clustered_Kernels.cu" 
       CudaBuild:
         Compiling CUDA source file ..\common\Renderer\CUDA\CUDA_Lights.cu...
         cmd.exe /C "C:\Users\CaptainLucha\AppData\Local\Temp\fcc7a9f422ca45c7a1550e7fb8411c4e.cmd"
         "C:\Program Files\NVIDIA GPU Computing Toolkit\CUDA\v5.5\bin\nvcc.exe" -gencode=arch=compute_10,code=\"sm_10,compute_10\" --use-local-env --cl-version 2010 -ccbin "c:\Program Files (x86)\Microsoft Visual Studio 10.0\VC\bin"  -I"C:\Program Files\NVIDIA GPU Computing Toolkit\CUDA\v5.5/include" -I../../libs/AntTweakBar/include -I../../libs/FreeType/include -I../../libs/ZLib/include -I../../libs/glfw/include/GLFW -I../../libs/freeimage/include -I"../../libs/glew-1.9.0/include/GL" -I"C:\Program Files\NVIDIA GPU Computing Toolkit\CUDA\v5.5\include"     --keep-dir Release -maxrregcount=0  --machine 32 --compile -cudart shared     -D_CRT_SECURE_NO_WARNINGS -D_MBCS -Xcompiler "/EHsc /W3 /nologo /O2 /Zi  /MD  " -o Release\CUDA_Lights.cu.obj "C:\Users\CaptainLucha\Desktop\School Workspace\New Engine\GameEngine\common\Renderer\CUDA\CUDA_Lights.cu"
         
         C:\Users\CaptainLucha\Desktop\School Workspace\New Engine\GameEngine\GameEngine>"C:\Program Files\NVIDIA GPU Computing Toolkit\CUDA\v5.5\bin\nvcc.exe" -gencode=arch=compute_10,code=\"sm_10,compute_10\" --use-local-env --cl-version 2010 -ccbin "c:\Program Files (x86)\Microsoft Visual Studio 10.0\VC\bin"  -I"C:\Program Files\NVIDIA GPU Computing Toolkit\CUDA\v5.5/include" -I../../libs/AntTweakBar/include -I../../libs/FreeType/include -I../../libs/ZLib/include -I../../libs/glfw/include/GLFW -I../../libs/freeimage/include -I"../../libs/glew-1.9.0/include/GL" -I"C:\Program Files\NVIDIA GPU Computing Toolkit\CUDA\v5.5\include"     --keep-dir Release -maxrregcount=0  --machine 32 --compile -cudart shared     -D_CRT_SECURE_NO_WARNINGS -D_MBCS -Xcompiler "/EHsc /W3 /nologo /O2 /Zi  /MD  " -o Release\CUDA_Lights.cu.obj "C:\Users\CaptainLucha\Desktop\School Workspace\New Engine\GameEngine\common\Renderer\CUDA\CUDA_Lights.cu" 
     1>C:/Users/CaptainLucha/Desktop/School Workspace/New Engine/GameEngine/common/Renderer/CUDA/CUDA_Lights.cu(171): warning : variable "lightAABBMax" was set but never used
         
     1>C:/Users/CaptainLucha/Desktop/School Workspace/New Engine/GameEngine/common/Renderer/CUDA/CUDA_Lights.cu(171): warning : variable "lightAABBMax" was set but never used
         
     1>C:/Users/CaptainLucha/Desktop/School Workspace/New Engine/GameEngine/common/Renderer/CUDA/CUDA_Lights.cu(201): warning : Cannot tell what pointer points to, assuming global memory space
     1>C:/Users/CaptainLucha/Desktop/School Workspace/New Engine/GameEngine/common/Renderer/CUDA/CUDA_Lights.cu(204): warning : Cannot tell what pointer points to, assuming global memory space
     1>C:/Users/CaptainLucha/Desktop/School Workspace/New Engine/GameEngine/common/Renderer/CUDA/CUDA_Lights.cu(204): warning : Cannot tell what pointer points to, assuming global memory space
     1>C:/Users/CaptainLucha/Desktop/School Workspace/New Engine/GameEngine/common/Renderer/CUDA/CUDA_Lights.cu(204): warning : Cannot tell what pointer points to, assuming global memory space
     1>C:/Users/CaptainLucha/Desktop/School Workspace/New Engine/GameEngine/common/Renderer/CUDA/CUDA_Lights.cu(204): warning : Cannot tell what pointer points to, assuming global memory space
     1>C:/Users/CaptainLucha/Desktop/School Workspace/New Engine/GameEngine/common/Renderer/CUDA/CUDA_Lights.cu(204): warning : Cannot tell what pointer points to, assuming global memory space
     1>C:/Users/CaptainLucha/Desktop/School Workspace/New Engine/GameEngine/common/Renderer/CUDA/CUDA_Lights.cu(204): warning : Cannot tell what pointer points to, assuming global memory space
     1>C:/Users/CaptainLucha/Desktop/School Workspace/New Engine/GameEngine/common/Renderer/CUDA/CUDA_Lights.cu(204): warning : Cannot tell what pointer points to, assuming global memory space
     1>C:/Users/CaptainLucha/Desktop/School Workspace/New Engine/GameEngine/common/Renderer/CUDA/CUDA_Lights.cu(204): warning : Cannot tell what pointer points to, assuming global memory space
     1>ptxas : warning : Too many threads per SM specified for entry _ZN12CaptainLucha25SetLeafsAndCalculateNodesEPK6float4PKNS_8LightBVHEPKj, will be ignored
       CudaBuild:
         Compiling CUDA source file ..\common\Renderer\CUDA\CUDA_Utils.cu...
         cmd.exe /C "C:\Users\CaptainLucha\AppData\Local\Temp\5931e5e0a50b4ae5b6d03333d21d69f0.cmd"
         "C:\Program Files\NVIDIA GPU Computing Toolkit\CUDA\v5.5\bin\nvcc.exe" -gencode=arch=compute_10,code=\"sm_10,compute_10\" --use-local-env --cl-version 2010 -ccbin "c:\Program Files (x86)\Microsoft Visual Studio 10.0\VC\bin"  -I"C:\Program Files\NVIDIA GPU Computing Toolkit\CUDA\v5.5/include" -I../../libs/AntTweakBar/include -I../../libs/FreeType/include -I../../libs/ZLib/include -I../../libs/glfw/include/GLFW -I../../libs/freeimage/include -I"../../libs/glew-1.9.0/include/GL" -I"C:\Program Files\NVIDIA GPU Computing Toolkit\CUDA\v5.5\include"     --keep-dir Release -maxrregcount=0  --machine 32 --compile -cudart shared     -D_CRT_SECURE_NO_WARNINGS -D_MBCS -Xcompiler "/EHsc /W3 /nologo /O2 /Zi  /MD  " -o Release\CUDA_Utils.cu.obj "C:\Users\CaptainLucha\Desktop\School Workspace\New Engine\GameEngine\common\Renderer\CUDA\CUDA_Utils.cu"
         
         C:\Users\CaptainLucha\Desktop\School Workspace\New Engine\GameEngine\GameEngine>"C:\Program Files\NVIDIA GPU Computing Toolkit\CUDA\v5.5\bin\nvcc.exe" -gencode=arch=compute_10,code=\"sm_10,compute_10\" --use-local-env --cl-version 2010 -ccbin "c:\Program Files (x86)\Microsoft Visual Studio 10.0\VC\bin"  -I"C:\Program Files\NVIDIA GPU Computing Toolkit\CUDA\v5.5/include" -I../../libs/AntTweakBar/include -I../../libs/FreeType/include -I../../libs/ZLib/include -I../../libs/glfw/include/GLFW -I../../libs/freeimage/include -I"../../libs/glew-1.9.0/include/GL" -I"C:\Program Files\NVIDIA GPU Computing Toolkit\CUDA\v5.5\include"     --keep-dir Release -maxrregcount=0  --machine 32 --compile -cudart shared     -D_CRT_SECURE_NO_WARNINGS -D_MBCS -Xcompiler "/EHsc /W3 /nologo /O2 /Zi  /MD  " -o Release\CUDA_Utils.cu.obj "C:\Users\CaptainLucha\Desktop\School Workspace\New Engine\GameEngine\common\Renderer\CUDA\CUDA_Utils.cu" 
     1>c:\users\captainlucha\desktop\school workspace\new engine\gameengine\common\utils\UtilDebug.h(52): warning : expression has no effect
         
     1>C:\Users\CaptainLucha\Desktop\School Workspace\New Engine\GameEngine\common\Utils/Memory/MemoryOverride.h(41): warning : allowing all exceptions is incompatible with previous function "operator delete(void *)"
         c:\Program Files (x86)\Microsoft Visual Studio 10.0\VC\include\new(49): here
         
     1>C:\Users\CaptainLucha\Desktop\School Workspace\New Engine\GameEngine\common\Utils/Memory/MemoryOverride.h(43): warning : allowing all exceptions is incompatible with previous function "operator delete[](void *)"
         c:\Program Files (x86)\Microsoft Visual Studio 10.0\VC\include\new(77): here
         
     1>C:/Users/CaptainLucha/Desktop/School Workspace/New Engine/GameEngine/common/Renderer/CUDA/CUDA_Utils.cu(49): warning : controlling expression is constant
         
     1>c:\users\captainlucha\desktop\school workspace\new engine\gameengine\common\utils\UtilDebug.h(52): warning : expression has no effect
         
     1>C:\Users\CaptainLucha\Desktop\School Workspace\New Engine\GameEngine\common\Utils/Memory/MemoryOverride.h(41): warning : allowing all exceptions is incompatible with previous function "operator delete(void *)"
         c:\Program Files (x86)\Microsoft Visual Studio 10.0\VC\include\new(49): here
         
     1>C:\Users\CaptainLucha\Desktop\School Workspace\New Engine\GameEngine\common\Utils/Memory/MemoryOverride.h(43): warning : allowing all exceptions is incompatible with previous function "operator delete[](void *)"
         c:\Program Files (x86)\Microsoft Visual Studio 10.0\VC\include\new(77): here
         
     1>C:/Users/CaptainLucha/Desktop/School Workspace/New Engine/GameEngine/common/Renderer/CUDA/CUDA_Utils.cu(49): warning : controlling expression is constant
         
       ClCompile:
         c:\Program Files (x86)\Microsoft Visual Studio 10.0\VC\bin\CL.exe /c /I"C:\Program Files\NVIDIA GPU Computing Toolkit\CUDA\v5.5/include" /I../../libs/AntTweakBar/include /I../../libs/FreeType/include /I../../libs/ZLib/include /I../../libs/glfw/include/GLFW /I../../libs/freeimage/include /I"../../libs/glew-1.9.0/include/GL" /Zi /nologo /W4 /WX- /O2 /Oi /Oy- /GL /D _CRT_SECURE_NO_WARNINGS /D _MBCS /Gm- /EHsc /MD /GS /Gy /fp:precise /Zc:wchar_t /Zc:forScope /Fo"Release\\" /Fd"Release\vc100.pdb" /Gd /TP /analyze- /errorReport:prompt ..\common\Camera\Camera.cpp ..\common\Collision\BoundingVolumes\AABoundingBox.cpp ..\common\Collision\BoundingVolumes\BoundingSphere.cpp ..\common\Collision\CollisionFunctions.cpp ..\common\Collision\CollisionListener.cpp ..\common\Collision\CollisionMovable.cpp ..\common\Collision\CollisionPhysicsObject.cpp ..\common\Collision\CollisionStatic.cpp ..\common\Collision\CollisionSystem.cpp ..\common\Collision\StaticCuboid.cpp ..\common\Collision\StaticPlane.cpp ..\common\Console\CLConsole.cpp ..\common\EventSystem\EventSystem.cpp ..\common\EventSystem\NamedProperties.cpp ..\common\Input\InputListener.cpp ..\common\Input\InputSystem.cpp ..\common\Math\Math.cpp ..\common\Math\Matrix2D.cpp ..\common\Math\Matrix3D.cpp ..\common\Math\Matrix4D.cpp ..\common\Math\Quaternion.cpp ..\common\Math\Rectangle.cpp ..\common\Math\Transformation.cpp ..\common\Math\Vector2D.cpp ..\common\Math\Vector3D.cpp ..\common\Math\Vector4D.cpp ..\common\Objects\Object.cpp ..\common\Objects\Object2D.cpp ..\common\Physics\Contact.cpp ..\common\Physics\ContactResolver.cpp ..\common\Physics\PhysicsSystem.cpp ..\common\Physics\RigidBody.cpp ..\common\Renderer\ClusteredRenderer.cpp ..\common\Renderer\Color.cpp ..\common\Renderer\Debug\DebugGrid.cpp ..\common\Renderer\DeferredRenderer.cpp ..\common\Renderer\Font\Font.cpp ..\common\Renderer\FrameBufferObject.cpp ..\common\Renderer\Geometry.cpp ..\common\Renderer\Geometry\Cone.cpp ..\common\Renderer\Geometry\Cube.cpp ..\common\Renderer\Geometry\Cuboid.cpp ..\common\Renderer\Geometry\Mesh.cpp ..\common\Renderer\Geometry\Sphere.cpp ..\common\Renderer\Geometry\Triangle3D.cpp ..\common\Renderer\IndexBufferObject.cpp ..\common\Renderer\Lights\DeferredLight.cpp ..\common\Renderer\Lights\DeferredLight_Ambient.cpp ..\common\Renderer\Lights\DeferredLight_Directional.cpp ..\common\Renderer\Lights\DeferredLight_Point.cpp ..\common\Renderer\Lights\DeferredLight_Spot.cpp ..\common\Renderer\Lights\ForwardRenderLights.cpp ..\common\Renderer\MatrixStack.cpp ..\common\Renderer\Model\Model.cpp ..\common\Renderer\Model\Model_Material.cpp ..\common\Renderer\Model\Model_Node.cpp ..\common\Renderer\Model\Model_Node_Mesh.cpp ..\common\Renderer\Renderer.cpp ..\common\Renderer\RendererUtils.cpp ..\common\Renderer\Shader\GLProgram.cpp ..\common\Renderer\Texture\GLTextureManager.cpp ..\common\Renderer\Texture\GLTexture.cpp ..\common\Renderer\VertexBufferObject.cpp ..\common\Threads\Thread.cpp ..\common\Threads\JobManager.cpp ..\common\Threads\ThreadJob.cpp ..\common\Threads\ThreadMutex.cpp ..\common\Threads\tinythread.cpp ..\common\Time\Clock.cpp ..\common\Time\FPSCalc.cpp ..\common\Time\ProfilingSection.cpp ..\common\Time\ProfilingSystem.cpp ..\common\Time\Time.cpp ..\common\Time\Timer.cpp ..\common\Utils\CLLogger.cpp ..\common\Utils\Commandlets.cpp ..\common\Utils\CLFileImporter.cpp ..\common\Utils\DebugUIWidget.cpp ..\common\Utils\Memory\MemoryManager.cpp ..\common\Utils\Memory\MemoryOverride.cpp ..\common\Utils\pugixml\pugixml.cpp ..\common\Utils\Utils.cpp ..\common\Utils\WindowsUtils.cpp ..\common\Utils\XMLLoader.cpp ..\CLCore.cpp
         Camera.cpp
         AABoundingBox.cpp
         BoundingSphere.cpp
         CollisionFunctions.cpp
         CollisionListener.cpp
         CollisionMovable.cpp
         CollisionPhysicsObject.cpp
         CollisionStatic.cpp
         CollisionSystem.cpp
         StaticCuboid.cpp
         StaticPlane.cpp
         CLConsole.cpp
         EventSystem.cpp
         NamedProperties.cpp
         InputListener.cpp
         InputSystem.cpp
         Math.cpp
         Matrix2D.cpp
         Matrix3D.cpp
         Matrix4D.cpp
         Compiling...
         Quaternion.cpp
         Rectangle.cpp
         Transformation.cpp
         Vector2D.cpp
         Vector3D.cpp
         Vector4D.cpp
         Object.cpp
         Object2D.cpp
         Contact.cpp
         ContactResolver.cpp
         PhysicsSystem.cpp
         RigidBody.cpp
         ClusteredRenderer.cpp
         Color.cpp
         DebugGrid.cpp
         DeferredRenderer.cpp
         Font.cpp
         FrameBufferObject.cpp
         Geometry.cpp
         Cone.cpp
         Compiling...
         Cube.cpp
         Cuboid.cpp
         Mesh.cpp
         Sphere.cpp
         Triangle3D.cpp
         IndexBufferObject.cpp
         DeferredLight.cpp
         DeferredLight_Ambient.cpp
         DeferredLight_Directional.cpp
         DeferredLight_Point.cpp
         DeferredLight_Spot.cpp
         ForwardRenderLights.cpp
         MatrixStack.cpp
         Model.cpp
         Model_Material.cpp
         Model_Node.cpp
         Model_Node_Mesh.cpp
         Renderer.cpp
         RendererUtils.cpp
         GLProgram.cpp
         Compiling...
         GLTextureManager.cpp
         GLTexture.cpp
         VertexBufferObject.cpp
         Thread.cpp
         JobManager.cpp
         ThreadJob.cpp
         ThreadMutex.cpp
         tinythread.cpp
         Clock.cpp
         FPSCalc.cpp
         ProfilingSection.cpp
         ProfilingSystem.cpp
         Time.cpp
         Timer.cpp
         CLLogger.cpp
         Commandlets.cpp
         CLFileImporter.cpp
         DebugUIWidget.cpp
         MemoryManager.cpp
         MemoryOverride.cpp
         Compiling...
         pugixml.cpp
         Utils.cpp
         WindowsUtils.cpp
         XMLLoader.cpp
         CLCore.cpp
         c:\Program Files (x86)\Microsoft Visual Studio 10.0\VC\bin\CL.exe /c /I"C:\Program Files\NVIDIA GPU Computing Toolkit\CUDA\v5.5/include" /I../../libs/AntTweakBar/include /I../../libs/FreeType/include /I../../libs/ZLib/include /I../../libs/glfw/include/GLFW /I../../libs/freeimage/include /I"../../libs/glew-1.9.0/include/GL" /Zi /nologo /W4 /WX- /O2 /Oi /Oy- /GL /D _CRT_SECURE_NO_WARNINGS /D _MBCS /Gm- /EHsc /MD /GS /Gy /fp:precise /Zc:wchar_t /Zc:forScope /Fo"Release\\" /Fd"Release\vc100.pdb" /Gd /TC /analyze- /errorReport:prompt "..\common\Renderer\Font\freetype-gl\platform.c" "..\common\Renderer\Font\freetype-gl\texture-atlas.c" "..\common\Renderer\Font\freetype-gl\texture-font.c" "..\common\Renderer\Font\freetype-gl\vector.c" "..\common\Renderer\Font\freetype-gl\vertex-attribute.c" "..\common\Renderer\Font\freetype-gl\vertex-buffer.c"
         platform.c
         texture-atlas.c
         texture-font.c
         vector.c
         vertex-attribute.c
     1>..\common\Renderer\Font\freetype-gl\vertex-attribute.c(59): warning C4245: '=' : conversion from 'int' to 'GLuint', signed/unsigned mismatch
         vertex-buffer.c
     1>..\common\Renderer\Font\freetype-gl\vertex-buffer.c(554): warning C4028: formal parameter 2 different from declaration
       Lib:
         c:\Program Files (x86)\Microsoft Visual Studio 10.0\VC\bin\Lib.exe /OUT:"../../libs/GameEngine/Release/GameEngine.lib" glu32.lib cudart.lib /LIBPATH:"C:\Program Files\NVIDIA GPU Computing Toolkit\CUDA\v5.5/lib/Win32" /NOLOGO /LTCG Release\CUDA_Clustered.cu.obj
         Release\CUDA_Clustered_Kernels.cu.obj
         Release\CUDA_Lights.cu.obj
         Release\CUDA_Utils.cu.obj
         Release\Camera.obj
         Release\AABoundingBox.obj
         Release\BoundingSphere.obj
         Release\CollisionFunctions.obj
         Release\CollisionListener.obj
         Release\CollisionMovable.obj
         Release\CollisionPhysicsObject.obj
         Release\CollisionStatic.obj
         Release\CollisionSystem.obj
         Release\StaticCuboid.obj
         Release\StaticPlane.obj
         Release\CLConsole.obj
         Release\EventSystem.obj
         Release\NamedProperties.obj
         Release\InputListener.obj
         Release\InputSystem.obj
         Release\Math.obj
         Release\Matrix2D.obj
         Release\Matrix3D.obj
         Release\Matrix4D.obj
         Release\Quaternion.obj
         Release\Rectangle.obj
         Release\Transformation.obj
         Release\Vector2D.obj
         Release\Vector3D.obj
         Release\Vector4D.obj
         Release\Object.obj
         Release\Object2D.obj
         Release\Contact.obj
         Release\ContactResolver.obj
         Release\PhysicsSystem.obj
         Release\RigidBody.obj
         Release\ClusteredRenderer.obj
         Release\Color.obj
         Release\DebugGrid.obj
         Release\DeferredRenderer.obj
         Release\Font.obj
         Release\platform.obj
         "Release\texture-atlas.obj"
         "Release\texture-font.obj"
         Release\vector.obj
         "Release\vertex-attribute.obj"
         "Release\vertex-buffer.obj"
         Release\FrameBufferObject.obj
         Release\Geometry.obj
         Release\Cone.obj
         Release\Cube.obj
         Release\Cuboid.obj
         Release\Mesh.obj
         Release\Sphere.obj
         Release\Triangle3D.obj
         Release\IndexBufferObject.obj
         Release\DeferredLight.obj
         Release\DeferredLight_Ambient.obj
         Release\DeferredLight_Directional.obj
         Release\DeferredLight_Point.obj
         Release\DeferredLight_Spot.obj
         Release\ForwardRenderLights.obj
         Release\MatrixStack.obj
         Release\Model.obj
         Release\Model_Material.obj
         Release\Model_Node.obj
         Release\Model_Node_Mesh.obj
         Release\Renderer.obj
         Release\RendererUtils.obj
         Release\GLProgram.obj
         Release\GLTextureManager.obj
         Release\GLTexture.obj
         Release\VertexBufferObject.obj
         Release\Thread.obj
         Release\JobManager.obj
         Release\ThreadJob.obj
         Release\ThreadMutex.obj
         Release\tinythread.obj
         Release\Clock.obj
         Release\FPSCalc.obj
         Release\ProfilingSection.obj
         Release\ProfilingSystem.obj
         Release\Time.obj
         Release\Timer.obj
         Release\CLLogger.obj
         Release\Commandlets.obj
         Release\CLFileImporter.obj
         Release\DebugUIWidget.obj
         Release\MemoryManager.obj
         Release\MemoryOverride.obj
         Release\pugixml.obj
         Release\Utils.obj
         Release\WindowsUtils.obj
         Release\XMLLoader.obj
         Release\CLCore.obj
     1>cudart.lib(cudart32_55.dll) : warning LNK4006: __NULL_IMPORT_DESCRIPTOR already defined in glu32.lib(GLU32.dll); second definition ignored
         GameEngine.vcxproj -> C:\Users\CaptainLucha\Desktop\School Workspace\New Engine\GameEngine\GameEngine\../../libs/GameEngine/Release/GameEngine.lib
       FinalizeBuildStatus:
         Deleting file "Release\GameEngine.unsuccessfulbuild".
         Touching "Release\GameEngine.lastbuildstate".
     1>Done Building Project "C:\Users\CaptainLucha\Desktop\School Workspace\New Engine\GameEngine\GameEngine\GameEngine.vcxproj" (rebuild target(s)).

Build succeeded.

Time Elapsed 00:01:48.15
