C:\Users\CaptainLucha\Desktop\School Workspace\New Engine\GameEngine\GameEngine\../../libs/GameEngine/Release/GameEngine.lib
C:\USERS\CAPTAINLUCHA\DESKTOP\SCHOOL WORKSPACE\NEW ENGINE\GAMEENGINE\GAMEENGINE\RELEASE\AABOUNDINGBOX.OBJ
C:\USERS\CAPTAINLUCHA\DESKTOP\SCHOOL WORKSPACE\NEW ENGINE\GAMEENGINE\GAMEENGINE\RELEASE\BOUNDINGSPHERE.OBJ
C:\USERS\CAPTAINLUCHA\DESKTOP\SCHOOL WORKSPACE\NEW ENGINE\GAMEENGINE\GAMEENGINE\RELEASE\CAMERA.OBJ
C:\Users\CaptainLucha\Desktop\School Workspace\New Engine\GameEngine\GameEngine\Release\cl.command.1.tlog
C:\Users\CaptainLucha\Desktop\School Workspace\New Engine\GameEngine\GameEngine\Release\CL.read.1.tlog
C:\Users\CaptainLucha\Desktop\School Workspace\New Engine\GameEngine\GameEngine\Release\CL.write.1.tlog
C:\USERS\CAPTAINLUCHA\DESKTOP\SCHOOL WORKSPACE\NEW ENGINE\GAMEENGINE\GAMEENGINE\RELEASE\CLCONSOLE.OBJ
C:\USERS\CAPTAINLUCHA\DESKTOP\SCHOOL WORKSPACE\NEW ENGINE\GAMEENGINE\GAMEENGINE\RELEASE\CLCORE.OBJ
C:\USERS\CAPTAINLUCHA\DESKTOP\SCHOOL WORKSPACE\NEW ENGINE\GAMEENGINE\GAMEENGINE\RELEASE\CLFILEIMPORTER.OBJ
C:\USERS\CAPTAINLUCHA\DESKTOP\SCHOOL WORKSPACE\NEW ENGINE\GAMEENGINE\GAMEENGINE\RELEASE\CLLOGGER.OBJ
C:\USERS\CAPTAINLUCHA\DESKTOP\SCHOOL WORKSPACE\NEW ENGINE\GAMEENGINE\GAMEENGINE\RELEASE\CLOCK.OBJ
C:\USERS\CAPTAINLUCHA\DESKTOP\SCHOOL WORKSPACE\NEW ENGINE\GAMEENGINE\GAMEENGINE\RELEASE\CLUSTEREDRENDERER.OBJ
C:\USERS\CAPTAINLUCHA\DESKTOP\SCHOOL WORKSPACE\NEW ENGINE\GAMEENGINE\GAMEENGINE\RELEASE\COLLISIONFUNCTIONS.OBJ
C:\USERS\CAPTAINLUCHA\DESKTOP\SCHOOL WORKSPACE\NEW ENGINE\GAMEENGINE\GAMEENGINE\RELEASE\COLLISIONLISTENER.OBJ
C:\USERS\CAPTAINLUCHA\DESKTOP\SCHOOL WORKSPACE\NEW ENGINE\GAMEENGINE\GAMEENGINE\RELEASE\COLLISIONMOVABLE.OBJ
C:\USERS\CAPTAINLUCHA\DESKTOP\SCHOOL WORKSPACE\NEW ENGINE\GAMEENGINE\GAMEENGINE\RELEASE\COLLISIONPHYSICSOBJECT.OBJ
C:\USERS\CAPTAINLUCHA\DESKTOP\SCHOOL WORKSPACE\NEW ENGINE\GAMEENGINE\GAMEENGINE\RELEASE\COLLISIONSTATIC.OBJ
C:\USERS\CAPTAINLUCHA\DESKTOP\SCHOOL WORKSPACE\NEW ENGINE\GAMEENGINE\GAMEENGINE\RELEASE\COLLISIONSYSTEM.OBJ
C:\USERS\CAPTAINLUCHA\DESKTOP\SCHOOL WORKSPACE\NEW ENGINE\GAMEENGINE\GAMEENGINE\RELEASE\COLOR.OBJ
C:\USERS\CAPTAINLUCHA\DESKTOP\SCHOOL WORKSPACE\NEW ENGINE\GAMEENGINE\GAMEENGINE\RELEASE\COMMANDLETS.OBJ
C:\USERS\CAPTAINLUCHA\DESKTOP\SCHOOL WORKSPACE\NEW ENGINE\GAMEENGINE\GAMEENGINE\RELEASE\CONE.OBJ
C:\USERS\CAPTAINLUCHA\DESKTOP\SCHOOL WORKSPACE\NEW ENGINE\GAMEENGINE\GAMEENGINE\RELEASE\CONTACT.OBJ
C:\USERS\CAPTAINLUCHA\DESKTOP\SCHOOL WORKSPACE\NEW ENGINE\GAMEENGINE\GAMEENGINE\RELEASE\CONTACTRESOLVER.OBJ
C:\USERS\CAPTAINLUCHA\DESKTOP\SCHOOL WORKSPACE\NEW ENGINE\GAMEENGINE\GAMEENGINE\RELEASE\CUBE.OBJ
C:\USERS\CAPTAINLUCHA\DESKTOP\SCHOOL WORKSPACE\NEW ENGINE\GAMEENGINE\GAMEENGINE\RELEASE\CUBOID.OBJ
C:\Users\CaptainLucha\Desktop\School Workspace\New Engine\GameEngine\GameEngine\Release\CUDA_Clustered.cu.cache
C:\Users\CaptainLucha\Desktop\School Workspace\New Engine\GameEngine\GameEngine\Release\CUDA_Clustered.cu.obj
C:\Users\CaptainLucha\Desktop\School Workspace\New Engine\GameEngine\GameEngine\Release\CUDA_Clustered_Kernels.cu.cache
C:\Users\CaptainLucha\Desktop\School Workspace\New Engine\GameEngine\GameEngine\Release\CUDA_Clustered_Kernels.cu.obj
C:\Users\CaptainLucha\Desktop\School Workspace\New Engine\GameEngine\GameEngine\Release\CUDA_Lights.cu.cache
C:\Users\CaptainLucha\Desktop\School Workspace\New Engine\GameEngine\GameEngine\Release\CUDA_Lights.cu.obj
C:\Users\CaptainLucha\Desktop\School Workspace\New Engine\GameEngine\GameEngine\Release\CUDA_Utils.cu.cache
C:\Users\CaptainLucha\Desktop\School Workspace\New Engine\GameEngine\GameEngine\Release\CUDA_Utils.cu.obj
C:\USERS\CAPTAINLUCHA\DESKTOP\SCHOOL WORKSPACE\NEW ENGINE\GAMEENGINE\GAMEENGINE\RELEASE\DEBUGGRID.OBJ
C:\USERS\CAPTAINLUCHA\DESKTOP\SCHOOL WORKSPACE\NEW ENGINE\GAMEENGINE\GAMEENGINE\RELEASE\DEBUGUIWIDGET.OBJ
C:\USERS\CAPTAINLUCHA\DESKTOP\SCHOOL WORKSPACE\NEW ENGINE\GAMEENGINE\GAMEENGINE\RELEASE\DEFERREDLIGHT.OBJ
C:\USERS\CAPTAINLUCHA\DESKTOP\SCHOOL WORKSPACE\NEW ENGINE\GAMEENGINE\GAMEENGINE\RELEASE\DEFERREDLIGHT_AMBIENT.OBJ
C:\USERS\CAPTAINLUCHA\DESKTOP\SCHOOL WORKSPACE\NEW ENGINE\GAMEENGINE\GAMEENGINE\RELEASE\DEFERREDLIGHT_DIRECTIONAL.OBJ
C:\USERS\CAPTAINLUCHA\DESKTOP\SCHOOL WORKSPACE\NEW ENGINE\GAMEENGINE\GAMEENGINE\RELEASE\DEFERREDLIGHT_POINT.OBJ
C:\USERS\CAPTAINLUCHA\DESKTOP\SCHOOL WORKSPACE\NEW ENGINE\GAMEENGINE\GAMEENGINE\RELEASE\DEFERREDLIGHT_SPOT.OBJ
C:\USERS\CAPTAINLUCHA\DESKTOP\SCHOOL WORKSPACE\NEW ENGINE\GAMEENGINE\GAMEENGINE\RELEASE\DEFERREDRENDERER.OBJ
C:\USERS\CAPTAINLUCHA\DESKTOP\SCHOOL WORKSPACE\NEW ENGINE\GAMEENGINE\GAMEENGINE\RELEASE\EVENTSYSTEM.OBJ
C:\USERS\CAPTAINLUCHA\DESKTOP\SCHOOL WORKSPACE\NEW ENGINE\GAMEENGINE\GAMEENGINE\RELEASE\FONT.OBJ
C:\USERS\CAPTAINLUCHA\DESKTOP\SCHOOL WORKSPACE\NEW ENGINE\GAMEENGINE\GAMEENGINE\RELEASE\FORWARDRENDERLIGHTS.OBJ
C:\USERS\CAPTAINLUCHA\DESKTOP\SCHOOL WORKSPACE\NEW ENGINE\GAMEENGINE\GAMEENGINE\RELEASE\FPSCALC.OBJ
C:\USERS\CAPTAINLUCHA\DESKTOP\SCHOOL WORKSPACE\NEW ENGINE\GAMEENGINE\GAMEENGINE\RELEASE\FRAMEBUFFEROBJECT.OBJ
C:\Users\CaptainLucha\Desktop\School Workspace\New Engine\GameEngine\GameEngine\Release\GameEngine.write.1.tlog
C:\USERS\CAPTAINLUCHA\DESKTOP\SCHOOL WORKSPACE\NEW ENGINE\GAMEENGINE\GAMEENGINE\RELEASE\GEOMETRY.OBJ
C:\USERS\CAPTAINLUCHA\DESKTOP\SCHOOL WORKSPACE\NEW ENGINE\GAMEENGINE\GAMEENGINE\RELEASE\GLPROGRAM.OBJ
C:\USERS\CAPTAINLUCHA\DESKTOP\SCHOOL WORKSPACE\NEW ENGINE\GAMEENGINE\GAMEENGINE\RELEASE\GLTEXTURE.OBJ
C:\USERS\CAPTAINLUCHA\DESKTOP\SCHOOL WORKSPACE\NEW ENGINE\GAMEENGINE\GAMEENGINE\RELEASE\GLTEXTUREMANAGER.OBJ
C:\USERS\CAPTAINLUCHA\DESKTOP\SCHOOL WORKSPACE\NEW ENGINE\GAMEENGINE\GAMEENGINE\RELEASE\INDEXBUFFEROBJECT.OBJ
C:\USERS\CAPTAINLUCHA\DESKTOP\SCHOOL WORKSPACE\NEW ENGINE\GAMEENGINE\GAMEENGINE\RELEASE\INPUTLISTENER.OBJ
C:\USERS\CAPTAINLUCHA\DESKTOP\SCHOOL WORKSPACE\NEW ENGINE\GAMEENGINE\GAMEENGINE\RELEASE\INPUTSYSTEM.OBJ
C:\USERS\CAPTAINLUCHA\DESKTOP\SCHOOL WORKSPACE\NEW ENGINE\GAMEENGINE\GAMEENGINE\RELEASE\JOBMANAGER.OBJ
C:\Users\CaptainLucha\Desktop\School Workspace\New Engine\GameEngine\GameEngine\Release\lib.command.1.tlog
C:\Users\CaptainLucha\Desktop\School Workspace\New Engine\GameEngine\GameEngine\Release\Lib-link.read.1.tlog
C:\Users\CaptainLucha\Desktop\School Workspace\New Engine\GameEngine\GameEngine\Release\Lib-link.write.1.tlog
C:\USERS\CAPTAINLUCHA\DESKTOP\SCHOOL WORKSPACE\NEW ENGINE\GAMEENGINE\GAMEENGINE\RELEASE\MATH.OBJ
C:\USERS\CAPTAINLUCHA\DESKTOP\SCHOOL WORKSPACE\NEW ENGINE\GAMEENGINE\GAMEENGINE\RELEASE\MATRIX2D.OBJ
C:\USERS\CAPTAINLUCHA\DESKTOP\SCHOOL WORKSPACE\NEW ENGINE\GAMEENGINE\GAMEENGINE\RELEASE\MATRIX3D.OBJ
C:\USERS\CAPTAINLUCHA\DESKTOP\SCHOOL WORKSPACE\NEW ENGINE\GAMEENGINE\GAMEENGINE\RELEASE\MATRIX4D.OBJ
C:\USERS\CAPTAINLUCHA\DESKTOP\SCHOOL WORKSPACE\NEW ENGINE\GAMEENGINE\GAMEENGINE\RELEASE\MATRIXSTACK.OBJ
C:\USERS\CAPTAINLUCHA\DESKTOP\SCHOOL WORKSPACE\NEW ENGINE\GAMEENGINE\GAMEENGINE\RELEASE\MEMORYMANAGER.OBJ
C:\USERS\CAPTAINLUCHA\DESKTOP\SCHOOL WORKSPACE\NEW ENGINE\GAMEENGINE\GAMEENGINE\RELEASE\MEMORYOVERRIDE.OBJ
C:\USERS\CAPTAINLUCHA\DESKTOP\SCHOOL WORKSPACE\NEW ENGINE\GAMEENGINE\GAMEENGINE\RELEASE\MESH.OBJ
C:\USERS\CAPTAINLUCHA\DESKTOP\SCHOOL WORKSPACE\NEW ENGINE\GAMEENGINE\GAMEENGINE\RELEASE\MODEL.OBJ
C:\USERS\CAPTAINLUCHA\DESKTOP\SCHOOL WORKSPACE\NEW ENGINE\GAMEENGINE\GAMEENGINE\RELEASE\MODEL_MATERIAL.OBJ
C:\USERS\CAPTAINLUCHA\DESKTOP\SCHOOL WORKSPACE\NEW ENGINE\GAMEENGINE\GAMEENGINE\RELEASE\MODEL_NODE.OBJ
C:\USERS\CAPTAINLUCHA\DESKTOP\SCHOOL WORKSPACE\NEW ENGINE\GAMEENGINE\GAMEENGINE\RELEASE\MODEL_NODE_MESH.OBJ
C:\USERS\CAPTAINLUCHA\DESKTOP\SCHOOL WORKSPACE\NEW ENGINE\GAMEENGINE\GAMEENGINE\RELEASE\NAMEDPROPERTIES.OBJ
C:\USERS\CAPTAINLUCHA\DESKTOP\SCHOOL WORKSPACE\NEW ENGINE\GAMEENGINE\GAMEENGINE\RELEASE\OBJECT.OBJ
C:\USERS\CAPTAINLUCHA\DESKTOP\SCHOOL WORKSPACE\NEW ENGINE\GAMEENGINE\GAMEENGINE\RELEASE\OBJECT2D.OBJ
C:\USERS\CAPTAINLUCHA\DESKTOP\SCHOOL WORKSPACE\NEW ENGINE\GAMEENGINE\GAMEENGINE\RELEASE\PHYSICSSYSTEM.OBJ
C:\USERS\CAPTAINLUCHA\DESKTOP\SCHOOL WORKSPACE\NEW ENGINE\GAMEENGINE\GAMEENGINE\RELEASE\PLATFORM.OBJ
C:\USERS\CAPTAINLUCHA\DESKTOP\SCHOOL WORKSPACE\NEW ENGINE\GAMEENGINE\GAMEENGINE\RELEASE\PROFILINGSECTION.OBJ
C:\USERS\CAPTAINLUCHA\DESKTOP\SCHOOL WORKSPACE\NEW ENGINE\GAMEENGINE\GAMEENGINE\RELEASE\PROFILINGSYSTEM.OBJ
C:\USERS\CAPTAINLUCHA\DESKTOP\SCHOOL WORKSPACE\NEW ENGINE\GAMEENGINE\GAMEENGINE\RELEASE\PUGIXML.OBJ
C:\USERS\CAPTAINLUCHA\DESKTOP\SCHOOL WORKSPACE\NEW ENGINE\GAMEENGINE\GAMEENGINE\RELEASE\QUATERNION.OBJ
C:\USERS\CAPTAINLUCHA\DESKTOP\SCHOOL WORKSPACE\NEW ENGINE\GAMEENGINE\GAMEENGINE\RELEASE\RECTANGLE.OBJ
C:\USERS\CAPTAINLUCHA\DESKTOP\SCHOOL WORKSPACE\NEW ENGINE\GAMEENGINE\GAMEENGINE\RELEASE\RENDERER.OBJ
C:\USERS\CAPTAINLUCHA\DESKTOP\SCHOOL WORKSPACE\NEW ENGINE\GAMEENGINE\GAMEENGINE\RELEASE\RENDERERUTILS.OBJ
C:\USERS\CAPTAINLUCHA\DESKTOP\SCHOOL WORKSPACE\NEW ENGINE\GAMEENGINE\GAMEENGINE\RELEASE\RIGIDBODY.OBJ
C:\USERS\CAPTAINLUCHA\DESKTOP\SCHOOL WORKSPACE\NEW ENGINE\GAMEENGINE\GAMEENGINE\RELEASE\SPHERE.OBJ
C:\USERS\CAPTAINLUCHA\DESKTOP\SCHOOL WORKSPACE\NEW ENGINE\GAMEENGINE\GAMEENGINE\RELEASE\STATICCUBOID.OBJ
C:\USERS\CAPTAINLUCHA\DESKTOP\SCHOOL WORKSPACE\NEW ENGINE\GAMEENGINE\GAMEENGINE\RELEASE\STATICPLANE.OBJ
C:\USERS\CAPTAINLUCHA\DESKTOP\SCHOOL WORKSPACE\NEW ENGINE\GAMEENGINE\GAMEENGINE\RELEASE\TEXTURE-ATLAS.OBJ
C:\USERS\CAPTAINLUCHA\DESKTOP\SCHOOL WORKSPACE\NEW ENGINE\GAMEENGINE\GAMEENGINE\RELEASE\TEXTURE-FONT.OBJ
C:\USERS\CAPTAINLUCHA\DESKTOP\SCHOOL WORKSPACE\NEW ENGINE\GAMEENGINE\GAMEENGINE\RELEASE\THREAD.OBJ
C:\USERS\CAPTAINLUCHA\DESKTOP\SCHOOL WORKSPACE\NEW ENGINE\GAMEENGINE\GAMEENGINE\RELEASE\THREADJOB.OBJ
C:\USERS\CAPTAINLUCHA\DESKTOP\SCHOOL WORKSPACE\NEW ENGINE\GAMEENGINE\GAMEENGINE\RELEASE\THREADMUTEX.OBJ
C:\USERS\CAPTAINLUCHA\DESKTOP\SCHOOL WORKSPACE\NEW ENGINE\GAMEENGINE\GAMEENGINE\RELEASE\TIME.OBJ
C:\USERS\CAPTAINLUCHA\DESKTOP\SCHOOL WORKSPACE\NEW ENGINE\GAMEENGINE\GAMEENGINE\RELEASE\TIMER.OBJ
C:\USERS\CAPTAINLUCHA\DESKTOP\SCHOOL WORKSPACE\NEW ENGINE\GAMEENGINE\GAMEENGINE\RELEASE\TINYTHREAD.OBJ
C:\USERS\CAPTAINLUCHA\DESKTOP\SCHOOL WORKSPACE\NEW ENGINE\GAMEENGINE\GAMEENGINE\RELEASE\TRANSFORMATION.OBJ
C:\USERS\CAPTAINLUCHA\DESKTOP\SCHOOL WORKSPACE\NEW ENGINE\GAMEENGINE\GAMEENGINE\RELEASE\TRIANGLE3D.OBJ
C:\USERS\CAPTAINLUCHA\DESKTOP\SCHOOL WORKSPACE\NEW ENGINE\GAMEENGINE\GAMEENGINE\RELEASE\UTILS.OBJ
C:\USERS\CAPTAINLUCHA\DESKTOP\SCHOOL WORKSPACE\NEW ENGINE\GAMEENGINE\GAMEENGINE\RELEASE\VC100.PDB
C:\USERS\CAPTAINLUCHA\DESKTOP\SCHOOL WORKSPACE\NEW ENGINE\GAMEENGINE\GAMEENGINE\RELEASE\VECTOR.OBJ
C:\USERS\CAPTAINLUCHA\DESKTOP\SCHOOL WORKSPACE\NEW ENGINE\GAMEENGINE\GAMEENGINE\RELEASE\VECTOR2D.OBJ
C:\USERS\CAPTAINLUCHA\DESKTOP\SCHOOL WORKSPACE\NEW ENGINE\GAMEENGINE\GAMEENGINE\RELEASE\VECTOR3D.OBJ
C:\USERS\CAPTAINLUCHA\DESKTOP\SCHOOL WORKSPACE\NEW ENGINE\GAMEENGINE\GAMEENGINE\RELEASE\VECTOR4D.OBJ
C:\USERS\CAPTAINLUCHA\DESKTOP\SCHOOL WORKSPACE\NEW ENGINE\GAMEENGINE\GAMEENGINE\RELEASE\VERTEX-ATTRIBUTE.OBJ
C:\USERS\CAPTAINLUCHA\DESKTOP\SCHOOL WORKSPACE\NEW ENGINE\GAMEENGINE\GAMEENGINE\RELEASE\VERTEX-BUFFER.OBJ
C:\USERS\CAPTAINLUCHA\DESKTOP\SCHOOL WORKSPACE\NEW ENGINE\GAMEENGINE\GAMEENGINE\RELEASE\VERTEXBUFFEROBJECT.OBJ
C:\USERS\CAPTAINLUCHA\DESKTOP\SCHOOL WORKSPACE\NEW ENGINE\GAMEENGINE\GAMEENGINE\RELEASE\WINDOWSUTILS.OBJ
C:\USERS\CAPTAINLUCHA\DESKTOP\SCHOOL WORKSPACE\NEW ENGINE\GAMEENGINE\GAMEENGINE\RELEASE\XMLLOADER.OBJ
C:\USERS\CAPTAINLUCHA\DESKTOP\SCHOOL WORKSPACE\NEW ENGINE\LIBS\GAMEENGINE\RELEASE\GAMEENGINE.LIB
